{"C:\\Users\\i.azelkhanov\\Documents\\inkmax\\src\\services\\admin.ts": {"path":"C:\\Users\\i.azelkhanov\\Documents\\inkmax\\src\\services\\admin.ts","all":false,"statementMap":{"0":{"start":{"line":1,"column":0},"end":{"line":1,"column":54}},"57":{"start":{"line":58,"column":0},"end":{"line":58,"column":16}},"58":{"start":{"line":59,"column":0},"end":{"line":59,"column":21}},"59":{"start":{"line":60,"column":0},"end":{"line":60,"column":21}},"60":{"start":{"line":61,"column":0},"end":{"line":61,"column":21}},"61":{"start":{"line":62,"column":0},"end":{"line":62,"column":22}},"62":{"start":{"line":63,"column":0},"end":{"line":63,"column":22}},"63":{"start":{"line":64,"column":0},"end":{"line":64,"column":23}},"64":{"start":{"line":65,"column":0},"end":{"line":65,"column":21}},"65":{"start":{"line":66,"column":0},"end":{"line":66,"column":19}},"66":{"start":{"line":67,"column":0},"end":{"line":67,"column":2}},"77":{"start":{"line":78,"column":0},"end":{"line":78,"column":23}},"78":{"start":{"line":79,"column":0},"end":{"line":79,"column":58}},"79":{"start":{"line":80,"column":0},"end":{"line":80,"column":57}},"80":{"start":{"line":81,"column":0},"end":{"line":81,"column":2}},"82":{"start":{"line":83,"column":0},"end":{"line":83,"column":3}},"87":{"start":{"line":88,"column":0},"end":{"line":88,"column":3}},"88":{"start":{"line":89,"column":0},"end":{"line":89,"column":87}},"89":{"start":{"line":90,"column":0},"end":{"line":90,"column":110}},"90":{"start":{"line":91,"column":0},"end":{"line":91,"column":91}},"91":{"start":{"line":92,"column":0},"end":{"line":92,"column":21}},"92":{"start":{"line":93,"column":0},"end":{"line":93,"column":30}},"93":{"start":{"line":94,"column":0},"end":{"line":94,"column":26}},"94":{"start":{"line":95,"column":0},"end":{"line":95,"column":7}},"95":{"start":{"line":96,"column":0},"end":{"line":96,"column":27}},"96":{"start":{"line":97,"column":0},"end":{"line":97,"column":69}},"99":{"start":{"line":100,"column":0},"end":{"line":100,"column":12}},"100":{"start":{"line":101,"column":0},"end":{"line":101,"column":43}},"101":{"start":{"line":102,"column":0},"end":{"line":102,"column":53}},"102":{"start":{"line":103,"column":0},"end":{"line":103,"column":55}},"103":{"start":{"line":104,"column":0},"end":{"line":104,"column":51}},"104":{"start":{"line":105,"column":0},"end":{"line":105,"column":43}},"105":{"start":{"line":106,"column":0},"end":{"line":106,"column":67}},"106":{"start":{"line":107,"column":0},"end":{"line":107,"column":25}},"107":{"start":{"line":108,"column":0},"end":{"line":108,"column":27}},"108":{"start":{"line":109,"column":0},"end":{"line":109,"column":59}},"109":{"start":{"line":110,"column":0},"end":{"line":110,"column":12}},"110":{"start":{"line":111,"column":0},"end":{"line":111,"column":6}},"111":{"start":{"line":112,"column":0},"end":{"line":112,"column":1}},"113":{"start":{"line":114,"column":0},"end":{"line":114,"column":29}},"114":{"start":{"line":115,"column":0},"end":{"line":115,"column":53}},"116":{"start":{"line":117,"column":0},"end":{"line":117,"column":71}},"117":{"start":{"line":118,"column":0},"end":{"line":118,"column":65}},"118":{"start":{"line":119,"column":0},"end":{"line":119,"column":66}},"119":{"start":{"line":120,"column":0},"end":{"line":120,"column":6}},"120":{"start":{"line":121,"column":0},"end":{"line":121,"column":67}},"121":{"start":{"line":122,"column":0},"end":{"line":122,"column":67}},"122":{"start":{"line":123,"column":0},"end":{"line":123,"column":6}},"123":{"start":{"line":124,"column":0},"end":{"line":124,"column":66}},"124":{"start":{"line":125,"column":0},"end":{"line":125,"column":68}},"125":{"start":{"line":126,"column":0},"end":{"line":126,"column":6}},"126":{"start":{"line":127,"column":0},"end":{"line":127,"column":76}},"127":{"start":{"line":128,"column":0},"end":{"line":128,"column":66}},"128":{"start":{"line":129,"column":0},"end":{"line":129,"column":6}},"129":{"start":{"line":130,"column":0},"end":{"line":130,"column":57}},"130":{"start":{"line":131,"column":0},"end":{"line":131,"column":62}},"131":{"start":{"line":132,"column":0},"end":{"line":132,"column":6}},"132":{"start":{"line":133,"column":0},"end":{"line":133,"column":63}},"133":{"start":{"line":134,"column":0},"end":{"line":134,"column":65}},"134":{"start":{"line":135,"column":0},"end":{"line":135,"column":6}},"138":{"start":{"line":139,"column":0},"end":{"line":139,"column":20}},"139":{"start":{"line":140,"column":0},"end":{"line":140,"column":45}},"140":{"start":{"line":141,"column":0},"end":{"line":141,"column":46}},"141":{"start":{"line":142,"column":0},"end":{"line":142,"column":29}},"142":{"start":{"line":143,"column":0},"end":{"line":143,"column":24}},"143":{"start":{"line":144,"column":0},"end":{"line":144,"column":54}},"145":{"start":{"line":146,"column":0},"end":{"line":146,"column":31}},"146":{"start":{"line":147,"column":0},"end":{"line":147,"column":41}},"147":{"start":{"line":148,"column":0},"end":{"line":148,"column":6}},"149":{"start":{"line":150,"column":0},"end":{"line":150,"column":63}},"150":{"start":{"line":151,"column":0},"end":{"line":151,"column":73}},"151":{"start":{"line":152,"column":0},"end":{"line":152,"column":31}},"152":{"start":{"line":153,"column":0},"end":{"line":153,"column":6}},"154":{"start":{"line":155,"column":0},"end":{"line":155,"column":75}},"155":{"start":{"line":156,"column":0},"end":{"line":156,"column":84}},"156":{"start":{"line":157,"column":0},"end":{"line":157,"column":31}},"157":{"start":{"line":158,"column":0},"end":{"line":158,"column":6}},"159":{"start":{"line":160,"column":0},"end":{"line":160,"column":52}},"160":{"start":{"line":161,"column":0},"end":{"line":161,"column":80}},"161":{"start":{"line":162,"column":0},"end":{"line":162,"column":31}},"162":{"start":{"line":163,"column":0},"end":{"line":163,"column":5}},"163":{"start":{"line":164,"column":0},"end":{"line":164,"column":2}}},"s":{"0":1,"57":1,"58":1,"59":1,"60":1,"61":1,"62":1,"63":1,"64":1,"65":1,"66":1,"77":1,"78":1,"79":1,"80":1,"82":1,"87":1,"88":6,"89":6,"90":6,"91":6,"92":6,"93":6,"94":6,"95":6,"96":6,"99":6,"100":6,"101":6,"102":6,"103":6,"104":6,"105":6,"106":1,"107":1,"108":1,"109":1,"110":6,"111":6,"113":1,"114":1,"116":1,"117":1,"118":1,"119":1,"120":1,"121":1,"122":1,"123":1,"124":1,"125":1,"126":1,"127":1,"128":1,"129":1,"130":1,"131":1,"132":1,"133":1,"134":1,"138":1,"139":1,"140":1,"141":1,"142":1,"143":1,"145":1,"146":1,"147":1,"149":1,"150":1,"151":1,"152":1,"154":1,"155":1,"156":1,"157":1,"159":1,"160":1,"161":1,"162":1,"163":1},"branchMap":{"0":{"type":"branch","line":89,"loc":{"start":{"line":89,"column":0},"end":{"line":112,"column":1}},"locations":[{"start":{"line":89,"column":0},"end":{"line":112,"column":1}}]},"1":{"type":"branch","line":96,"loc":{"start":{"line":96,"column":15},"end":{"line":96,"column":27}},"locations":[{"start":{"line":96,"column":15},"end":{"line":96,"column":27}}]},"2":{"type":"branch","line":97,"loc":{"start":{"line":97,"column":17},"end":{"line":97,"column":69}},"locations":[{"start":{"line":97,"column":17},"end":{"line":97,"column":69}}]},"3":{"type":"branch","line":101,"loc":{"start":{"line":101,"column":36},"end":{"line":101,"column":42}},"locations":[{"start":{"line":101,"column":36},"end":{"line":101,"column":42}}]},"4":{"type":"branch","line":102,"loc":{"start":{"line":102,"column":46},"end":{"line":102,"column":52}},"locations":[{"start":{"line":102,"column":46},"end":{"line":102,"column":52}}]},"5":{"type":"branch","line":103,"loc":{"start":{"line":103,"column":48},"end":{"line":103,"column":54}},"locations":[{"start":{"line":103,"column":48},"end":{"line":103,"column":54}}]},"6":{"type":"branch","line":104,"loc":{"start":{"line":104,"column":44},"end":{"line":104,"column":50}},"locations":[{"start":{"line":104,"column":44},"end":{"line":104,"column":50}}]},"7":{"type":"branch","line":105,"loc":{"start":{"line":105,"column":36},"end":{"line":105,"column":42}},"locations":[{"start":{"line":105,"column":36},"end":{"line":105,"column":42}}]},"8":{"type":"branch","line":106,"loc":{"start":{"line":106,"column":43},"end":{"line":106,"column":48}},"locations":[{"start":{"line":106,"column":43},"end":{"line":106,"column":48}}]},"9":{"type":"branch","line":106,"loc":{"start":{"line":106,"column":55},"end":{"line":110,"column":12}},"locations":[{"start":{"line":106,"column":55},"end":{"line":110,"column":12}}]},"10":{"type":"branch","line":118,"loc":{"start":{"line":118,"column":4},"end":{"line":120,"column":6}},"locations":[{"start":{"line":118,"column":4},"end":{"line":120,"column":6}}]},"11":{"type":"branch","line":121,"loc":{"start":{"line":121,"column":4},"end":{"line":123,"column":6}},"locations":[{"start":{"line":121,"column":4},"end":{"line":123,"column":6}}]},"12":{"type":"branch","line":124,"loc":{"start":{"line":124,"column":4},"end":{"line":126,"column":6}},"locations":[{"start":{"line":124,"column":4},"end":{"line":126,"column":6}}]},"13":{"type":"branch","line":127,"loc":{"start":{"line":127,"column":4},"end":{"line":129,"column":6}},"locations":[{"start":{"line":127,"column":4},"end":{"line":129,"column":6}}]},"14":{"type":"branch","line":130,"loc":{"start":{"line":130,"column":4},"end":{"line":132,"column":6}},"locations":[{"start":{"line":130,"column":4},"end":{"line":132,"column":6}}]},"15":{"type":"branch","line":133,"loc":{"start":{"line":133,"column":4},"end":{"line":135,"column":6}},"locations":[{"start":{"line":133,"column":4},"end":{"line":135,"column":6}}]},"16":{"type":"branch","line":140,"loc":{"start":{"line":140,"column":4},"end":{"line":148,"column":6}},"locations":[{"start":{"line":140,"column":4},"end":{"line":148,"column":6}}]},"17":{"type":"branch","line":146,"loc":{"start":{"line":146,"column":19},"end":{"line":146,"column":31}},"locations":[{"start":{"line":146,"column":19},"end":{"line":146,"column":31}}]},"18":{"type":"branch","line":147,"loc":{"start":{"line":147,"column":16},"end":{"line":147,"column":26}},"locations":[{"start":{"line":147,"column":16},"end":{"line":147,"column":26}}]},"19":{"type":"branch","line":150,"loc":{"start":{"line":150,"column":4},"end":{"line":153,"column":6}},"locations":[{"start":{"line":150,"column":4},"end":{"line":153,"column":6}}]},"20":{"type":"branch","line":152,"loc":{"start":{"line":152,"column":19},"end":{"line":152,"column":31}},"locations":[{"start":{"line":152,"column":19},"end":{"line":152,"column":31}}]},"21":{"type":"branch","line":155,"loc":{"start":{"line":155,"column":4},"end":{"line":158,"column":6}},"locations":[{"start":{"line":155,"column":4},"end":{"line":158,"column":6}}]},"22":{"type":"branch","line":157,"loc":{"start":{"line":157,"column":19},"end":{"line":157,"column":31}},"locations":[{"start":{"line":157,"column":19},"end":{"line":157,"column":31}}]},"23":{"type":"branch","line":160,"loc":{"start":{"line":160,"column":4},"end":{"line":163,"column":5}},"locations":[{"start":{"line":160,"column":4},"end":{"line":163,"column":5}}]},"24":{"type":"branch","line":162,"loc":{"start":{"line":162,"column":19},"end":{"line":162,"column":31}},"locations":[{"start":{"line":162,"column":19},"end":{"line":162,"column":31}}]}},"b":{"0":[6],"1":[0],"2":[0],"3":[5],"4":[5],"5":[5],"6":[5],"7":[5],"8":[5],"9":[1],"10":[1],"11":[1],"12":[1],"13":[1],"14":[1],"15":[1],"16":[1],"17":[0],"18":[0],"19":[1],"20":[0],"21":[1],"22":[0],"23":[1],"24":[0]},"fnMap":{"0":{"name":"fetchDashboardAggregates","decl":{"start":{"line":89,"column":0},"end":{"line":112,"column":1}},"loc":{"start":{"line":89,"column":0},"end":{"line":112,"column":1}},"line":89},"1":{"name":"getDailyGrowth","decl":{"start":{"line":118,"column":4},"end":{"line":120,"column":6}},"loc":{"start":{"line":118,"column":4},"end":{"line":120,"column":6}},"line":118},"2":{"name":"getUserStatusDistribution","decl":{"start":{"line":121,"column":4},"end":{"line":123,"column":6}},"loc":{"start":{"line":121,"column":4},"end":{"line":123,"column":6}},"line":121},"3":{"name":"getEventDistribution","decl":{"start":{"line":124,"column":4},"end":{"line":126,"column":6}},"loc":{"start":{"line":124,"column":4},"end":{"line":126,"column":6}},"line":124},"4":{"name":"getCumulativeUsers","decl":{"start":{"line":127,"column":4},"end":{"line":129,"column":6}},"loc":{"start":{"line":127,"column":4},"end":{"line":129,"column":6}},"line":127},"5":{"name":"getSocialStats","decl":{"start":{"line":130,"column":4},"end":{"line":132,"column":6}},"loc":{"start":{"line":130,"column":4},"end":{"line":132,"column":6}},"line":130},"6":{"name":"getBlockTypeStats","decl":{"start":{"line":133,"column":4},"end":{"line":135,"column":6}},"loc":{"start":{"line":133,"column":4},"end":{"line":135,"column":6}},"line":133},"7":{"name":"getPartners","decl":{"start":{"line":140,"column":4},"end":{"line":148,"column":6}},"loc":{"start":{"line":140,"column":4},"end":{"line":148,"column":6}},"line":140},"8":{"name":"createPartner","decl":{"start":{"line":150,"column":4},"end":{"line":153,"column":6}},"loc":{"start":{"line":150,"column":4},"end":{"line":153,"column":6}},"line":150},"9":{"name":"updatePartner","decl":{"start":{"line":155,"column":4},"end":{"line":158,"column":6}},"loc":{"start":{"line":155,"column":4},"end":{"line":158,"column":6}},"line":155},"10":{"name":"deletePartner","decl":{"start":{"line":160,"column":4},"end":{"line":163,"column":5}},"loc":{"start":{"line":160,"column":4},"end":{"line":163,"column":5}},"line":160}},"f":{"0":6,"1":1,"2":1,"3":1,"4":1,"5":1,"6":1,"7":1,"8":1,"9":1,"10":1}}
,"C:\\Users\\i.azelkhanov\\Documents\\inkmax\\src\\services\\fintech.ts": {"path":"C:\\Users\\i.azelkhanov\\Documents\\inkmax\\src\\services\\fintech.ts","all":false,"statementMap":{"0":{"start":{"line":1,"column":0},"end":{"line":1,"column":54}},"1":{"start":{"line":2,"column":0},"end":{"line":2,"column":44}},"3":{"start":{"line":4,"column":0},"end":{"line":4,"column":56}},"4":{"start":{"line":5,"column":0},"end":{"line":5,"column":65}},"44":{"start":{"line":45,"column":0},"end":{"line":45,"column":59}},"46":{"start":{"line":47,"column":0},"end":{"line":47,"column":3}},"48":{"start":{"line":49,"column":0},"end":{"line":49,"column":3}},"49":{"start":{"line":50,"column":0},"end":{"line":50,"column":78}},"50":{"start":{"line":51,"column":0},"end":{"line":51,"column":9}},"51":{"start":{"line":52,"column":0},"end":{"line":52,"column":46}},"52":{"start":{"line":53,"column":0},"end":{"line":53,"column":34}},"53":{"start":{"line":54,"column":0},"end":{"line":54,"column":47}},"54":{"start":{"line":55,"column":0},"end":{"line":55,"column":29}},"55":{"start":{"line":56,"column":0},"end":{"line":56,"column":22}},"57":{"start":{"line":58,"column":0},"end":{"line":58,"column":29}},"58":{"start":{"line":59,"column":0},"end":{"line":59,"column":37}},"59":{"start":{"line":60,"column":0},"end":{"line":60,"column":9}},"61":{"start":{"line":62,"column":0},"end":{"line":62,"column":64}},"62":{"start":{"line":63,"column":0},"end":{"line":63,"column":49}},"63":{"start":{"line":64,"column":0},"end":{"line":64,"column":51}},"64":{"start":{"line":65,"column":0},"end":{"line":65,"column":19}},"65":{"start":{"line":66,"column":0},"end":{"line":66,"column":52}},"66":{"start":{"line":67,"column":0},"end":{"line":67,"column":13}},"67":{"start":{"line":68,"column":0},"end":{"line":68,"column":33}},"68":{"start":{"line":69,"column":0},"end":{"line":69,"column":5}},"69":{"start":{"line":70,"column":0},"end":{"line":70,"column":1}},"71":{"start":{"line":72,"column":0},"end":{"line":72,"column":3}},"74":{"start":{"line":75,"column":0},"end":{"line":75,"column":3}},"75":{"start":{"line":76,"column":0},"end":{"line":76,"column":31}},"76":{"start":{"line":77,"column":0},"end":{"line":77,"column":39}},"83":{"start":{"line":84,"column":0},"end":{"line":84,"column":8}},"84":{"start":{"line":85,"column":0},"end":{"line":85,"column":13}},"85":{"start":{"line":86,"column":0},"end":{"line":86,"column":72}},"86":{"start":{"line":87,"column":0},"end":{"line":87,"column":65}},"87":{"start":{"line":88,"column":0},"end":{"line":88,"column":13}},"89":{"start":{"line":90,"column":0},"end":{"line":90,"column":70}},"90":{"start":{"line":91,"column":0},"end":{"line":91,"column":63}},"91":{"start":{"line":92,"column":0},"end":{"line":92,"column":78}},"93":{"start":{"line":94,"column":0},"end":{"line":94,"column":60}},"94":{"start":{"line":95,"column":0},"end":{"line":95,"column":49}},"95":{"start":{"line":96,"column":0},"end":{"line":96,"column":80}},"96":{"start":{"line":97,"column":0},"end":{"line":97,"column":75}},"98":{"start":{"line":99,"column":0},"end":{"line":99,"column":71}},"99":{"start":{"line":100,"column":0},"end":{"line":100,"column":37}},"100":{"start":{"line":101,"column":0},"end":{"line":101,"column":29}},"101":{"start":{"line":102,"column":0},"end":{"line":102,"column":45}},"102":{"start":{"line":103,"column":0},"end":{"line":103,"column":26}},"104":{"start":{"line":105,"column":0},"end":{"line":105,"column":41}},"105":{"start":{"line":106,"column":0},"end":{"line":106,"column":71}},"106":{"start":{"line":107,"column":0},"end":{"line":107,"column":52}},"107":{"start":{"line":108,"column":0},"end":{"line":108,"column":13}},"109":{"start":{"line":110,"column":0},"end":{"line":110,"column":65}},"110":{"start":{"line":111,"column":0},"end":{"line":111,"column":69}},"111":{"start":{"line":112,"column":0},"end":{"line":112,"column":72}},"112":{"start":{"line":113,"column":0},"end":{"line":113,"column":44}},"113":{"start":{"line":114,"column":0},"end":{"line":114,"column":25}},"114":{"start":{"line":115,"column":0},"end":{"line":115,"column":41}},"115":{"start":{"line":116,"column":0},"end":{"line":116,"column":43}},"116":{"start":{"line":117,"column":0},"end":{"line":117,"column":46}},"117":{"start":{"line":118,"column":0},"end":{"line":118,"column":42}},"118":{"start":{"line":119,"column":0},"end":{"line":119,"column":42}},"119":{"start":{"line":120,"column":0},"end":{"line":120,"column":36}},"120":{"start":{"line":121,"column":0},"end":{"line":121,"column":38}},"121":{"start":{"line":122,"column":0},"end":{"line":122,"column":52}},"122":{"start":{"line":123,"column":0},"end":{"line":123,"column":70}},"123":{"start":{"line":124,"column":0},"end":{"line":124,"column":74}},"124":{"start":{"line":125,"column":0},"end":{"line":125,"column":61}},"125":{"start":{"line":126,"column":0},"end":{"line":126,"column":18}},"126":{"start":{"line":127,"column":0},"end":{"line":127,"column":25}},"127":{"start":{"line":128,"column":0},"end":{"line":128,"column":26}},"129":{"start":{"line":130,"column":0},"end":{"line":130,"column":26}},"130":{"start":{"line":131,"column":0},"end":{"line":131,"column":71}},"131":{"start":{"line":132,"column":0},"end":{"line":132,"column":78}},"132":{"start":{"line":133,"column":0},"end":{"line":133,"column":139}},"133":{"start":{"line":134,"column":0},"end":{"line":134,"column":32}},"134":{"start":{"line":135,"column":0},"end":{"line":135,"column":17}},"135":{"start":{"line":136,"column":0},"end":{"line":136,"column":30}},"136":{"start":{"line":137,"column":0},"end":{"line":137,"column":13}},"138":{"start":{"line":139,"column":0},"end":{"line":139,"column":31}},"139":{"start":{"line":140,"column":0},"end":{"line":140,"column":23}},"140":{"start":{"line":141,"column":0},"end":{"line":141,"column":65}},"141":{"start":{"line":142,"column":0},"end":{"line":142,"column":22}},"142":{"start":{"line":143,"column":0},"end":{"line":143,"column":9}},"143":{"start":{"line":144,"column":0},"end":{"line":144,"column":6}},"145":{"start":{"line":146,"column":0},"end":{"line":146,"column":70}},"146":{"start":{"line":147,"column":0},"end":{"line":147,"column":13}},"147":{"start":{"line":148,"column":0},"end":{"line":148,"column":71}},"148":{"start":{"line":149,"column":0},"end":{"line":149,"column":37}},"149":{"start":{"line":150,"column":0},"end":{"line":150,"column":28}},"150":{"start":{"line":151,"column":0},"end":{"line":151,"column":38}},"151":{"start":{"line":152,"column":0},"end":{"line":152,"column":31}},"153":{"start":{"line":154,"column":0},"end":{"line":154,"column":30}},"154":{"start":{"line":155,"column":0},"end":{"line":155,"column":86}},"155":{"start":{"line":156,"column":0},"end":{"line":156,"column":77}},"156":{"start":{"line":157,"column":0},"end":{"line":157,"column":17}},"157":{"start":{"line":158,"column":0},"end":{"line":158,"column":34}},"158":{"start":{"line":159,"column":0},"end":{"line":159,"column":13}},"160":{"start":{"line":161,"column":0},"end":{"line":161,"column":73}},"161":{"start":{"line":162,"column":0},"end":{"line":162,"column":44}},"162":{"start":{"line":163,"column":0},"end":{"line":163,"column":28}},"163":{"start":{"line":164,"column":0},"end":{"line":164,"column":38}},"164":{"start":{"line":165,"column":0},"end":{"line":165,"column":58}},"165":{"start":{"line":166,"column":0},"end":{"line":166,"column":27}},"167":{"start":{"line":168,"column":0},"end":{"line":168,"column":26}},"168":{"start":{"line":169,"column":0},"end":{"line":169,"column":78}},"169":{"start":{"line":170,"column":0},"end":{"line":170,"column":28}},"170":{"start":{"line":171,"column":0},"end":{"line":171,"column":31}},"171":{"start":{"line":172,"column":0},"end":{"line":172,"column":41}},"172":{"start":{"line":173,"column":0},"end":{"line":173,"column":38}},"173":{"start":{"line":174,"column":0},"end":{"line":174,"column":22}},"174":{"start":{"line":175,"column":0},"end":{"line":175,"column":17}},"175":{"start":{"line":176,"column":0},"end":{"line":176,"column":30}},"176":{"start":{"line":177,"column":0},"end":{"line":177,"column":13}},"178":{"start":{"line":179,"column":0},"end":{"line":179,"column":77}},"179":{"start":{"line":180,"column":0},"end":{"line":180,"column":44}},"180":{"start":{"line":181,"column":0},"end":{"line":181,"column":51}},"181":{"start":{"line":182,"column":0},"end":{"line":182,"column":38}},"182":{"start":{"line":183,"column":0},"end":{"line":183,"column":38}},"183":{"start":{"line":184,"column":0},"end":{"line":184,"column":41}},"185":{"start":{"line":186,"column":0},"end":{"line":186,"column":31}},"186":{"start":{"line":187,"column":0},"end":{"line":187,"column":88}},"187":{"start":{"line":188,"column":0},"end":{"line":188,"column":28}},"188":{"start":{"line":189,"column":0},"end":{"line":189,"column":31}},"189":{"start":{"line":190,"column":0},"end":{"line":190,"column":59}},"190":{"start":{"line":191,"column":0},"end":{"line":191,"column":38}},"191":{"start":{"line":192,"column":0},"end":{"line":192,"column":22}},"192":{"start":{"line":193,"column":0},"end":{"line":193,"column":17}},"193":{"start":{"line":194,"column":0},"end":{"line":194,"column":35}},"194":{"start":{"line":195,"column":0},"end":{"line":195,"column":13}},"196":{"start":{"line":197,"column":0},"end":{"line":197,"column":157}},"198":{"start":{"line":199,"column":0},"end":{"line":199,"column":20}},"199":{"start":{"line":200,"column":0},"end":{"line":200,"column":23}},"200":{"start":{"line":201,"column":0},"end":{"line":201,"column":51}},"201":{"start":{"line":202,"column":0},"end":{"line":202,"column":26}},"202":{"start":{"line":203,"column":0},"end":{"line":203,"column":14}},"203":{"start":{"line":204,"column":0},"end":{"line":204,"column":23}},"204":{"start":{"line":205,"column":0},"end":{"line":205,"column":63}},"205":{"start":{"line":206,"column":0},"end":{"line":206,"column":22}},"206":{"start":{"line":207,"column":0},"end":{"line":207,"column":9}},"207":{"start":{"line":208,"column":0},"end":{"line":208,"column":6}},"209":{"start":{"line":210,"column":0},"end":{"line":210,"column":107}},"210":{"start":{"line":211,"column":0},"end":{"line":211,"column":57}},"211":{"start":{"line":212,"column":0},"end":{"line":212,"column":54}},"212":{"start":{"line":213,"column":0},"end":{"line":213,"column":61}},"213":{"start":{"line":214,"column":0},"end":{"line":214,"column":9}},"214":{"start":{"line":215,"column":0},"end":{"line":215,"column":46}},"215":{"start":{"line":216,"column":0},"end":{"line":216,"column":56}},"216":{"start":{"line":217,"column":0},"end":{"line":217,"column":9}},"218":{"start":{"line":219,"column":0},"end":{"line":219,"column":47}},"219":{"start":{"line":220,"column":0},"end":{"line":220,"column":33}},"220":{"start":{"line":221,"column":0},"end":{"line":221,"column":34}},"221":{"start":{"line":222,"column":0},"end":{"line":222,"column":34}},"222":{"start":{"line":223,"column":0},"end":{"line":223,"column":27}},"224":{"start":{"line":225,"column":0},"end":{"line":225,"column":49}},"225":{"start":{"line":226,"column":0},"end":{"line":226,"column":50}},"226":{"start":{"line":227,"column":0},"end":{"line":227,"column":9}},"228":{"start":{"line":229,"column":0},"end":{"line":229,"column":69}},"229":{"start":{"line":230,"column":0},"end":{"line":230,"column":38}},"230":{"start":{"line":231,"column":0},"end":{"line":231,"column":21}},"231":{"start":{"line":232,"column":0},"end":{"line":232,"column":32}},"232":{"start":{"line":233,"column":0},"end":{"line":233,"column":23}},"233":{"start":{"line":234,"column":0},"end":{"line":234,"column":44}},"234":{"start":{"line":235,"column":0},"end":{"line":235,"column":34}},"235":{"start":{"line":236,"column":0},"end":{"line":236,"column":40}},"236":{"start":{"line":237,"column":0},"end":{"line":237,"column":46}},"237":{"start":{"line":238,"column":0},"end":{"line":238,"column":47}},"238":{"start":{"line":239,"column":0},"end":{"line":239,"column":37}},"239":{"start":{"line":240,"column":0},"end":{"line":240,"column":33}},"240":{"start":{"line":241,"column":0},"end":{"line":241,"column":14}},"241":{"start":{"line":242,"column":0},"end":{"line":242,"column":21}},"242":{"start":{"line":243,"column":0},"end":{"line":243,"column":22}},"244":{"start":{"line":245,"column":0},"end":{"line":245,"column":45}},"246":{"start":{"line":247,"column":0},"end":{"line":247,"column":23}},"247":{"start":{"line":248,"column":0},"end":{"line":248,"column":5}},"248":{"start":{"line":249,"column":0},"end":{"line":249,"column":2}}},"s":{"0":1,"1":1,"3":1,"4":1,"44":1,"46":1,"48":1,"49":1,"50":4,"51":4,"52":4,"53":4,"54":4,"55":4,"57":4,"58":0,"59":0,"61":4,"62":4,"63":0,"64":4,"65":4,"66":4,"67":0,"68":0,"69":4,"71":1,"74":1,"75":1,"76":1,"83":6,"84":6,"85":6,"86":2,"87":2,"89":4,"90":4,"91":4,"93":4,"94":4,"95":4,"96":4,"98":4,"99":4,"100":4,"101":4,"102":4,"104":6,"105":1,"106":1,"107":1,"109":3,"110":3,"111":3,"112":3,"113":3,"114":3,"115":3,"116":3,"117":3,"118":3,"119":3,"120":3,"121":3,"122":6,"123":6,"124":6,"125":6,"126":6,"127":6,"129":6,"130":1,"131":1,"132":1,"133":1,"134":1,"135":0,"136":0,"138":2,"139":6,"140":3,"141":3,"142":3,"143":6,"145":1,"146":1,"147":1,"148":1,"149":1,"150":1,"151":1,"153":1,"154":1,"155":1,"156":1,"157":0,"158":0,"160":0,"161":0,"162":0,"163":0,"164":0,"165":0,"167":0,"168":0,"169":0,"170":0,"171":0,"172":0,"173":0,"174":0,"175":0,"176":0,"178":0,"179":0,"180":0,"181":0,"182":0,"183":0,"185":0,"186":0,"187":0,"188":0,"189":0,"190":0,"191":0,"192":0,"193":0,"194":0,"196":1,"198":1,"199":1,"200":1,"201":1,"202":1,"203":1,"204":0,"205":0,"206":0,"207":1,"209":1,"210":4,"211":4,"212":1,"213":1,"214":4,"215":1,"216":1,"218":2,"219":2,"220":2,"221":2,"222":2,"224":4,"225":1,"226":1,"228":1,"229":1,"230":1,"231":1,"232":1,"233":1,"234":1,"235":1,"236":4,"237":4,"238":4,"239":4,"240":4,"241":4,"242":4,"244":4,"246":1,"247":1,"248":1},"branchMap":{"0":{"type":"branch","line":50,"loc":{"start":{"line":50,"column":7},"end":{"line":70,"column":1}},"locations":[{"start":{"line":50,"column":7},"end":{"line":70,"column":1}}]},"1":{"type":"branch","line":58,"loc":{"start":{"line":58,"column":28},"end":{"line":60,"column":9}},"locations":[{"start":{"line":58,"column":28},"end":{"line":60,"column":9}}]},"2":{"type":"branch","line":63,"loc":{"start":{"line":63,"column":39},"end":{"line":64,"column":51}},"locations":[{"start":{"line":63,"column":39},"end":{"line":64,"column":51}}]},"3":{"type":"branch","line":67,"loc":{"start":{"line":67,"column":6},"end":{"line":69,"column":5}},"locations":[{"start":{"line":67,"column":6},"end":{"line":69,"column":5}}]},"4":{"type":"branch","line":77,"loc":{"start":{"line":77,"column":4},"end":{"line":144,"column":6}},"locations":[{"start":{"line":77,"column":4},"end":{"line":144,"column":6}}]},"5":{"type":"branch","line":86,"loc":{"start":{"line":86,"column":71},"end":{"line":88,"column":13}},"locations":[{"start":{"line":86,"column":71},"end":{"line":88,"column":13}}]},"6":{"type":"branch","line":88,"loc":{"start":{"line":88,"column":12},"end":{"line":105,"column":31}},"locations":[{"start":{"line":88,"column":12},"end":{"line":105,"column":31}}]},"7":{"type":"branch","line":105,"loc":{"start":{"line":105,"column":16},"end":{"line":105,"column":40}},"locations":[{"start":{"line":105,"column":16},"end":{"line":105,"column":40}}]},"8":{"type":"branch","line":105,"loc":{"start":{"line":105,"column":40},"end":{"line":108,"column":13}},"locations":[{"start":{"line":105,"column":40},"end":{"line":108,"column":13}}]},"9":{"type":"branch","line":108,"loc":{"start":{"line":108,"column":12},"end":{"line":123,"column":65}},"locations":[{"start":{"line":108,"column":12},"end":{"line":123,"column":65}}]},"10":{"type":"branch","line":123,"loc":{"start":{"line":123,"column":61},"end":{"line":123,"column":70}},"locations":[{"start":{"line":123,"column":61},"end":{"line":123,"column":70}}]},"11":{"type":"branch","line":124,"loc":{"start":{"line":124,"column":65},"end":{"line":124,"column":74}},"locations":[{"start":{"line":124,"column":65},"end":{"line":124,"column":74}}]},"12":{"type":"branch","line":125,"loc":{"start":{"line":125,"column":46},"end":{"line":125,"column":61}},"locations":[{"start":{"line":125,"column":46},"end":{"line":125,"column":61}}]},"13":{"type":"branch","line":128,"loc":{"start":{"line":128,"column":23},"end":{"line":130,"column":25}},"locations":[{"start":{"line":128,"column":23},"end":{"line":130,"column":25}}]},"14":{"type":"branch","line":130,"loc":{"start":{"line":130,"column":25},"end":{"line":137,"column":13}},"locations":[{"start":{"line":130,"column":25},"end":{"line":137,"column":13}}]},"15":{"type":"branch","line":132,"loc":{"start":{"line":132,"column":37},"end":{"line":132,"column":77}},"locations":[{"start":{"line":132,"column":37},"end":{"line":132,"column":77}}]},"16":{"type":"branch","line":135,"loc":{"start":{"line":135,"column":16},"end":{"line":137,"column":13}},"locations":[{"start":{"line":135,"column":16},"end":{"line":137,"column":13}}]},"17":{"type":"branch","line":137,"loc":{"start":{"line":137,"column":12},"end":{"line":140,"column":10}},"locations":[{"start":{"line":137,"column":12},"end":{"line":140,"column":10}}]},"18":{"type":"branch","line":140,"loc":{"start":{"line":140,"column":10},"end":{"line":143,"column":9}},"locations":[{"start":{"line":140,"column":10},"end":{"line":143,"column":9}}]},"19":{"type":"branch","line":146,"loc":{"start":{"line":146,"column":4},"end":{"line":208,"column":6}},"locations":[{"start":{"line":146,"column":4},"end":{"line":208,"column":6}}]},"20":{"type":"branch","line":155,"loc":{"start":{"line":155,"column":41},"end":{"line":155,"column":85}},"locations":[{"start":{"line":155,"column":41},"end":{"line":155,"column":85}}]},"21":{"type":"branch","line":157,"loc":{"start":{"line":157,"column":16},"end":{"line":197,"column":48}},"locations":[{"start":{"line":157,"column":16},"end":{"line":197,"column":48}}]},"22":{"type":"branch","line":201,"loc":{"start":{"line":201,"column":31},"end":{"line":201,"column":49}},"locations":[{"start":{"line":201,"column":31},"end":{"line":201,"column":49}}]},"23":{"type":"branch","line":204,"loc":{"start":{"line":204,"column":10},"end":{"line":207,"column":9}},"locations":[{"start":{"line":204,"column":10},"end":{"line":207,"column":9}}]},"24":{"type":"branch","line":210,"loc":{"start":{"line":210,"column":4},"end":{"line":248,"column":5}},"locations":[{"start":{"line":210,"column":4},"end":{"line":248,"column":5}}]},"25":{"type":"branch","line":212,"loc":{"start":{"line":212,"column":53},"end":{"line":214,"column":9}},"locations":[{"start":{"line":212,"column":53},"end":{"line":214,"column":9}}]},"26":{"type":"branch","line":214,"loc":{"start":{"line":214,"column":8},"end":{"line":215,"column":29}},"locations":[{"start":{"line":214,"column":8},"end":{"line":215,"column":29}}]},"27":{"type":"branch","line":215,"loc":{"start":{"line":215,"column":21},"end":{"line":215,"column":45}},"locations":[{"start":{"line":215,"column":21},"end":{"line":215,"column":45}}]},"28":{"type":"branch","line":215,"loc":{"start":{"line":215,"column":45},"end":{"line":217,"column":9}},"locations":[{"start":{"line":215,"column":45},"end":{"line":217,"column":9}}]},"29":{"type":"branch","line":217,"loc":{"start":{"line":217,"column":8},"end":{"line":225,"column":48}},"locations":[{"start":{"line":217,"column":8},"end":{"line":225,"column":48}}]},"30":{"type":"branch","line":225,"loc":{"start":{"line":225,"column":48},"end":{"line":237,"column":44}},"locations":[{"start":{"line":225,"column":48},"end":{"line":237,"column":44}}]},"31":{"type":"branch","line":238,"loc":{"start":{"line":238,"column":24},"end":{"line":238,"column":44}},"locations":[{"start":{"line":238,"column":24},"end":{"line":238,"column":44}}]},"32":{"type":"branch","line":238,"loc":{"start":{"line":238,"column":40},"end":{"line":238,"column":47}},"locations":[{"start":{"line":238,"column":40},"end":{"line":238,"column":47}}]},"33":{"type":"branch","line":243,"loc":{"start":{"line":243,"column":19},"end":{"line":245,"column":26}},"locations":[{"start":{"line":243,"column":19},"end":{"line":245,"column":26}}]},"34":{"type":"branch","line":245,"loc":{"start":{"line":245,"column":26},"end":{"line":245,"column":45}},"locations":[{"start":{"line":245,"column":26},"end":{"line":245,"column":45}}]},"35":{"type":"branch","line":245,"loc":{"start":{"line":245,"column":32},"end":{"line":248,"column":5}},"locations":[{"start":{"line":245,"column":32},"end":{"line":248,"column":5}}]}},"b":{"0":[4],"1":[0],"2":[0],"3":[0],"4":[6],"5":[2],"6":[4],"7":[3],"8":[1],"9":[3],"10":[0],"11":[0],"12":[3],"13":[3],"14":[1],"15":[0],"16":[0],"17":[2],"18":[3],"19":[1],"20":[0],"21":[0],"22":[0],"23":[0],"24":[4],"25":[1],"26":[3],"27":[2],"28":[1],"29":[2],"30":[1],"31":[0],"32":[1],"33":[1],"34":[0],"35":[1]},"fnMap":{"0":{"name":"getUserCommissionRate","decl":{"start":{"line":50,"column":7},"end":{"line":70,"column":1}},"loc":{"start":{"line":50,"column":7},"end":{"line":70,"column":1}},"line":50},"1":{"name":"recordPendingIncome","decl":{"start":{"line":77,"column":4},"end":{"line":144,"column":6}},"loc":{"start":{"line":77,"column":4},"end":{"line":144,"column":6}},"line":77},"2":{"name":"getWalletOverview","decl":{"start":{"line":146,"column":4},"end":{"line":208,"column":6}},"loc":{"start":{"line":146,"column":4},"end":{"line":208,"column":6}},"line":146},"3":{"name":"requestPayout","decl":{"start":{"line":210,"column":4},"end":{"line":248,"column":5}},"loc":{"start":{"line":210,"column":4},"end":{"line":248,"column":5}},"line":210}},"f":{"0":4,"1":6,"2":1,"3":4}}
,"C:\\Users\\i.azelkhanov\\Documents\\inkmax\\src\\services\\kaspi-service.ts": {"path":"C:\\Users\\i.azelkhanov\\Documents\\inkmax\\src\\services\\kaspi-service.ts","all":false,"statementMap":{"0":{"start":{"line":1,"column":0},"end":{"line":1,"column":44}},"2":{"start":{"line":3,"column":0},"end":{"line":3,"column":3}},"5":{"start":{"line":6,"column":0},"end":{"line":6,"column":3}},"6":{"start":{"line":7,"column":0},"end":{"line":7,"column":27}},"7":{"start":{"line":8,"column":0},"end":{"line":8,"column":7}},"10":{"start":{"line":11,"column":0},"end":{"line":11,"column":7}},"11":{"start":{"line":12,"column":0},"end":{"line":12,"column":68}},"12":{"start":{"line":13,"column":0},"end":{"line":13,"column":13}},"13":{"start":{"line":14,"column":0},"end":{"line":14,"column":61}},"14":{"start":{"line":15,"column":0},"end":{"line":15,"column":106}},"16":{"start":{"line":17,"column":0},"end":{"line":17,"column":62}},"17":{"start":{"line":18,"column":0},"end":{"line":18,"column":72}},"18":{"start":{"line":19,"column":0},"end":{"line":19,"column":130}},"20":{"start":{"line":21,"column":0},"end":{"line":21,"column":20}},"21":{"start":{"line":22,"column":0},"end":{"line":22,"column":30}},"22":{"start":{"line":23,"column":0},"end":{"line":23,"column":22}},"23":{"start":{"line":24,"column":0},"end":{"line":24,"column":84}},"24":{"start":{"line":25,"column":0},"end":{"line":25,"column":14}},"25":{"start":{"line":26,"column":0},"end":{"line":26,"column":25}},"26":{"start":{"line":27,"column":0},"end":{"line":27,"column":72}},"27":{"start":{"line":28,"column":0},"end":{"line":28,"column":45}},"28":{"start":{"line":29,"column":0},"end":{"line":29,"column":9}},"29":{"start":{"line":30,"column":0},"end":{"line":30,"column":5}},"31":{"start":{"line":32,"column":0},"end":{"line":32,"column":7}},"33":{"start":{"line":34,"column":0},"end":{"line":34,"column":7}},"34":{"start":{"line":35,"column":0},"end":{"line":35,"column":69}},"35":{"start":{"line":36,"column":0},"end":{"line":36,"column":16}},"36":{"start":{"line":37,"column":0},"end":{"line":37,"column":36}},"37":{"start":{"line":38,"column":0},"end":{"line":38,"column":35}},"38":{"start":{"line":39,"column":0},"end":{"line":39,"column":40}},"39":{"start":{"line":40,"column":0},"end":{"line":40,"column":25}},"40":{"start":{"line":41,"column":0},"end":{"line":41,"column":10}},"41":{"start":{"line":42,"column":0},"end":{"line":42,"column":5}},"42":{"start":{"line":43,"column":0},"end":{"line":43,"column":1}}},"s":{"0":1,"2":1,"5":1,"6":1,"7":1,"10":1,"11":1,"12":1,"13":1,"14":1,"16":1,"17":1,"18":1,"20":1,"21":1,"22":1,"23":1,"24":1,"25":1,"26":0,"27":0,"28":0,"29":1,"31":1,"33":1,"34":1,"35":1,"36":1,"37":1,"38":1,"39":1,"40":1,"41":1,"42":1},"branchMap":{"0":{"type":"branch","line":12,"loc":{"start":{"line":12,"column":4},"end":{"line":30,"column":5}},"locations":[{"start":{"line":12,"column":4},"end":{"line":30,"column":5}}]},"1":{"type":"branch","line":26,"loc":{"start":{"line":26,"column":10},"end":{"line":29,"column":9}},"locations":[{"start":{"line":26,"column":10},"end":{"line":29,"column":9}}]},"2":{"type":"branch","line":35,"loc":{"start":{"line":35,"column":11},"end":{"line":42,"column":5}},"locations":[{"start":{"line":35,"column":11},"end":{"line":42,"column":5}}]}},"b":{"0":[1],"1":[0],"2":[1]},"fnMap":{"0":{"name":"generateQrLink","decl":{"start":{"line":12,"column":4},"end":{"line":30,"column":5}},"loc":{"start":{"line":12,"column":4},"end":{"line":30,"column":5}},"line":12},"1":{"name":"prepareMetadata","decl":{"start":{"line":35,"column":11},"end":{"line":42,"column":5}},"loc":{"start":{"line":35,"column":11},"end":{"line":42,"column":5}},"line":35}},"f":{"0":1,"1":1}}
,"C:\\Users\\i.azelkhanov\\Documents\\inkmax\\src\\services\\payment-service.ts": {"path":"C:\\Users\\i.azelkhanov\\Documents\\inkmax\\src\\services\\payment-service.ts","all":false,"statementMap":{"0":{"start":{"line":1,"column":0},"end":{"line":1,"column":54}},"21":{"start":{"line":22,"column":0},"end":{"line":22,"column":3}},"24":{"start":{"line":25,"column":0},"end":{"line":25,"column":3}},"25":{"start":{"line":26,"column":0},"end":{"line":26,"column":29}},"26":{"start":{"line":27,"column":0},"end":{"line":27,"column":7}},"29":{"start":{"line":30,"column":0},"end":{"line":30,"column":7}},"30":{"start":{"line":31,"column":0},"end":{"line":31,"column":38}},"36":{"start":{"line":37,"column":0},"end":{"line":37,"column":33}},"37":{"start":{"line":38,"column":0},"end":{"line":38,"column":91}},"38":{"start":{"line":39,"column":0},"end":{"line":39,"column":24}},"39":{"start":{"line":40,"column":0},"end":{"line":40,"column":11}},"41":{"start":{"line":42,"column":0},"end":{"line":42,"column":38}},"42":{"start":{"line":43,"column":0},"end":{"line":43,"column":98}},"43":{"start":{"line":44,"column":0},"end":{"line":44,"column":77}},"44":{"start":{"line":45,"column":0},"end":{"line":45,"column":42}},"45":{"start":{"line":46,"column":0},"end":{"line":46,"column":9}},"47":{"start":{"line":48,"column":0},"end":{"line":48,"column":16}},"48":{"start":{"line":49,"column":0},"end":{"line":49,"column":34}},"49":{"start":{"line":50,"column":0},"end":{"line":50,"column":40}},"50":{"start":{"line":51,"column":0},"end":{"line":51,"column":63}},"51":{"start":{"line":52,"column":0},"end":{"line":52,"column":10}},"52":{"start":{"line":53,"column":0},"end":{"line":53,"column":5}},"54":{"start":{"line":55,"column":0},"end":{"line":55,"column":7}},"56":{"start":{"line":57,"column":0},"end":{"line":57,"column":7}},"57":{"start":{"line":58,"column":0},"end":{"line":58,"column":83}},"58":{"start":{"line":59,"column":0},"end":{"line":59,"column":46}},"59":{"start":{"line":60,"column":0},"end":{"line":60,"column":27}},"60":{"start":{"line":61,"column":0},"end":{"line":61,"column":29}},"61":{"start":{"line":62,"column":0},"end":{"line":62,"column":30}},"62":{"start":{"line":63,"column":0},"end":{"line":63,"column":22}},"64":{"start":{"line":65,"column":0},"end":{"line":65,"column":36}},"65":{"start":{"line":66,"column":0},"end":{"line":66,"column":78}},"66":{"start":{"line":67,"column":0},"end":{"line":67,"column":5}},"67":{"start":{"line":68,"column":0},"end":{"line":68,"column":1}}},"s":{"0":1,"21":1,"24":1,"25":1,"26":1,"29":1,"30":1,"36":3,"37":3,"38":3,"39":3,"41":3,"42":2,"43":2,"44":2,"45":2,"47":1,"48":1,"49":1,"50":1,"51":1,"52":1,"54":1,"56":1,"57":1,"58":2,"59":2,"60":2,"61":2,"62":2,"64":2,"65":1,"66":2,"67":1},"branchMap":{"0":{"type":"branch","line":31,"loc":{"start":{"line":31,"column":4},"end":{"line":53,"column":5}},"locations":[{"start":{"line":31,"column":4},"end":{"line":53,"column":5}}]},"1":{"type":"branch","line":42,"loc":{"start":{"line":42,"column":12},"end":{"line":42,"column":37}},"locations":[{"start":{"line":42,"column":12},"end":{"line":42,"column":37}}]},"2":{"type":"branch","line":42,"loc":{"start":{"line":42,"column":37},"end":{"line":46,"column":9}},"locations":[{"start":{"line":42,"column":37},"end":{"line":46,"column":9}}]},"3":{"type":"branch","line":43,"loc":{"start":{"line":43,"column":33},"end":{"line":43,"column":51}},"locations":[{"start":{"line":43,"column":33},"end":{"line":43,"column":51}}]},"4":{"type":"branch","line":43,"loc":{"start":{"line":43,"column":40},"end":{"line":43,"column":66}},"locations":[{"start":{"line":43,"column":40},"end":{"line":43,"column":66}}]},"5":{"type":"branch","line":43,"loc":{"start":{"line":43,"column":57},"end":{"line":43,"column":98}},"locations":[{"start":{"line":43,"column":57},"end":{"line":43,"column":98}}]},"6":{"type":"branch","line":46,"loc":{"start":{"line":46,"column":8},"end":{"line":53,"column":5}},"locations":[{"start":{"line":46,"column":8},"end":{"line":53,"column":5}}]},"7":{"type":"branch","line":58,"loc":{"start":{"line":58,"column":4},"end":{"line":67,"column":5}},"locations":[{"start":{"line":58,"column":4},"end":{"line":67,"column":5}}]},"8":{"type":"branch","line":65,"loc":{"start":{"line":65,"column":19},"end":{"line":66,"column":78}},"locations":[{"start":{"line":65,"column":19},"end":{"line":66,"column":78}}]}},"b":{"0":[3],"1":[2],"2":[2],"3":[1],"4":[1],"5":[0],"6":[1],"7":[2],"8":[1]},"fnMap":{"0":{"name":"createOrder","decl":{"start":{"line":31,"column":4},"end":{"line":53,"column":5}},"loc":{"start":{"line":31,"column":4},"end":{"line":53,"column":5}},"line":31},"1":{"name":"getOrderStatus","decl":{"start":{"line":58,"column":4},"end":{"line":67,"column":5}},"loc":{"start":{"line":58,"column":4},"end":{"line":67,"column":5}},"line":58}},"f":{"0":3,"1":2}}
,"C:\\Users\\i.azelkhanov\\Documents\\inkmax\\src\\services\\user.ts": {"path":"C:\\Users\\i.azelkhanov\\Documents\\inkmax\\src\\services\\user.ts","all":false,"statementMap":{"0":{"start":{"line":1,"column":0},"end":{"line":1,"column":3}},"2":{"start":{"line":3,"column":0},"end":{"line":3,"column":3}},"3":{"start":{"line":4,"column":0},"end":{"line":4,"column":54}},"6":{"start":{"line":7,"column":0},"end":{"line":7,"column":8}},"45":{"start":{"line":46,"column":0},"end":{"line":46,"column":41}},"47":{"start":{"line":48,"column":0},"end":{"line":48,"column":53}},"48":{"start":{"line":49,"column":0},"end":{"line":49,"column":22}},"49":{"start":{"line":50,"column":0},"end":{"line":50,"column":34}},"50":{"start":{"line":51,"column":0},"end":{"line":51,"column":25}},"51":{"start":{"line":52,"column":0},"end":{"line":52,"column":18}},"52":{"start":{"line":53,"column":0},"end":{"line":53,"column":22}},"53":{"start":{"line":54,"column":0},"end":{"line":54,"column":23}},"54":{"start":{"line":55,"column":0},"end":{"line":55,"column":25}},"55":{"start":{"line":56,"column":0},"end":{"line":56,"column":22}},"56":{"start":{"line":57,"column":0},"end":{"line":57,"column":28}},"57":{"start":{"line":58,"column":0},"end":{"line":58,"column":23}},"58":{"start":{"line":59,"column":0},"end":{"line":59,"column":33}},"59":{"start":{"line":60,"column":0},"end":{"line":60,"column":24}},"60":{"start":{"line":61,"column":0},"end":{"line":61,"column":26}},"61":{"start":{"line":62,"column":0},"end":{"line":62,"column":25}},"62":{"start":{"line":63,"column":0},"end":{"line":63,"column":33}},"63":{"start":{"line":64,"column":0},"end":{"line":64,"column":29}},"64":{"start":{"line":65,"column":0},"end":{"line":65,"column":30}},"65":{"start":{"line":66,"column":0},"end":{"line":66,"column":2}},"67":{"start":{"line":68,"column":0},"end":{"line":68,"column":52}},"68":{"start":{"line":69,"column":0},"end":{"line":69,"column":22}},"69":{"start":{"line":70,"column":0},"end":{"line":70,"column":34}},"70":{"start":{"line":71,"column":0},"end":{"line":71,"column":24}},"71":{"start":{"line":72,"column":0},"end":{"line":72,"column":18}},"72":{"start":{"line":73,"column":0},"end":{"line":73,"column":23}},"73":{"start":{"line":74,"column":0},"end":{"line":74,"column":29}},"74":{"start":{"line":75,"column":0},"end":{"line":75,"column":24}},"75":{"start":{"line":76,"column":0},"end":{"line":76,"column":21}},"76":{"start":{"line":77,"column":0},"end":{"line":77,"column":27}},"77":{"start":{"line":78,"column":0},"end":{"line":78,"column":22}},"78":{"start":{"line":79,"column":0},"end":{"line":79,"column":32}},"79":{"start":{"line":80,"column":0},"end":{"line":80,"column":23}},"80":{"start":{"line":81,"column":0},"end":{"line":81,"column":26}},"81":{"start":{"line":82,"column":0},"end":{"line":82,"column":24}},"82":{"start":{"line":83,"column":0},"end":{"line":83,"column":32}},"83":{"start":{"line":84,"column":0},"end":{"line":84,"column":28}},"84":{"start":{"line":85,"column":0},"end":{"line":85,"column":29}},"85":{"start":{"line":86,"column":0},"end":{"line":86,"column":2}},"87":{"start":{"line":88,"column":0},"end":{"line":88,"column":48}},"88":{"start":{"line":89,"column":0},"end":{"line":89,"column":22}},"89":{"start":{"line":90,"column":0},"end":{"line":90,"column":35}},"90":{"start":{"line":91,"column":0},"end":{"line":91,"column":24}},"91":{"start":{"line":92,"column":0},"end":{"line":92,"column":18}},"92":{"start":{"line":93,"column":0},"end":{"line":93,"column":23}},"93":{"start":{"line":94,"column":0},"end":{"line":94,"column":29}},"94":{"start":{"line":95,"column":0},"end":{"line":95,"column":24}},"95":{"start":{"line":96,"column":0},"end":{"line":96,"column":21}},"96":{"start":{"line":97,"column":0},"end":{"line":97,"column":27}},"97":{"start":{"line":98,"column":0},"end":{"line":98,"column":22}},"98":{"start":{"line":99,"column":0},"end":{"line":99,"column":32}},"99":{"start":{"line":100,"column":0},"end":{"line":100,"column":23}},"100":{"start":{"line":101,"column":0},"end":{"line":101,"column":25}},"101":{"start":{"line":102,"column":0},"end":{"line":102,"column":24}},"102":{"start":{"line":103,"column":0},"end":{"line":103,"column":32}},"103":{"start":{"line":104,"column":0},"end":{"line":104,"column":28}},"104":{"start":{"line":105,"column":0},"end":{"line":105,"column":29}},"105":{"start":{"line":106,"column":0},"end":{"line":106,"column":2}},"115":{"start":{"line":116,"column":0},"end":{"line":116,"column":41}},"117":{"start":{"line":118,"column":0},"end":{"line":118,"column":39}},"118":{"start":{"line":119,"column":0},"end":{"line":119,"column":30}},"119":{"start":{"line":120,"column":0},"end":{"line":120,"column":31}},"121":{"start":{"line":122,"column":0},"end":{"line":122,"column":3}},"123":{"start":{"line":124,"column":0},"end":{"line":124,"column":3}},"124":{"start":{"line":125,"column":0},"end":{"line":125,"column":88}},"125":{"start":{"line":126,"column":0},"end":{"line":126,"column":50}},"126":{"start":{"line":127,"column":0},"end":{"line":127,"column":59}},"127":{"start":{"line":128,"column":0},"end":{"line":128,"column":3}},"129":{"start":{"line":130,"column":0},"end":{"line":130,"column":34}},"131":{"start":{"line":132,"column":0},"end":{"line":132,"column":45}},"132":{"start":{"line":133,"column":0},"end":{"line":133,"column":98}},"133":{"start":{"line":134,"column":0},"end":{"line":134,"column":3}},"135":{"start":{"line":136,"column":0},"end":{"line":136,"column":45}},"136":{"start":{"line":137,"column":0},"end":{"line":137,"column":99}},"137":{"start":{"line":138,"column":0},"end":{"line":138,"column":3}},"139":{"start":{"line":140,"column":0},"end":{"line":140,"column":38}},"140":{"start":{"line":141,"column":0},"end":{"line":141,"column":12}},"141":{"start":{"line":142,"column":0},"end":{"line":142,"column":19}},"142":{"start":{"line":143,"column":0},"end":{"line":143,"column":94}},"143":{"start":{"line":144,"column":0},"end":{"line":144,"column":6}},"144":{"start":{"line":145,"column":0},"end":{"line":145,"column":3}},"146":{"start":{"line":147,"column":0},"end":{"line":147,"column":25}},"147":{"start":{"line":148,"column":0},"end":{"line":148,"column":1}},"149":{"start":{"line":150,"column":0},"end":{"line":150,"column":3}},"151":{"start":{"line":152,"column":0},"end":{"line":152,"column":3}},"152":{"start":{"line":153,"column":0},"end":{"line":153,"column":61}},"153":{"start":{"line":154,"column":0},"end":{"line":154,"column":39}},"154":{"start":{"line":155,"column":0},"end":{"line":155,"column":1}},"156":{"start":{"line":157,"column":0},"end":{"line":157,"column":3}},"158":{"start":{"line":159,"column":0},"end":{"line":159,"column":3}},"159":{"start":{"line":160,"column":0},"end":{"line":160,"column":126}},"160":{"start":{"line":161,"column":0},"end":{"line":161,"column":17}},"161":{"start":{"line":162,"column":0},"end":{"line":162,"column":67}},"162":{"start":{"line":163,"column":0},"end":{"line":163,"column":3}},"164":{"start":{"line":165,"column":0},"end":{"line":165,"column":25}},"165":{"start":{"line":166,"column":0},"end":{"line":166,"column":85}},"166":{"start":{"line":167,"column":0},"end":{"line":167,"column":58}},"167":{"start":{"line":168,"column":0},"end":{"line":168,"column":50}},"169":{"start":{"line":170,"column":0},"end":{"line":170,"column":40}},"170":{"start":{"line":171,"column":0},"end":{"line":171,"column":31}},"171":{"start":{"line":172,"column":0},"end":{"line":172,"column":95}},"172":{"start":{"line":173,"column":0},"end":{"line":173,"column":3}},"174":{"start":{"line":175,"column":0},"end":{"line":175,"column":10}},"175":{"start":{"line":176,"column":0},"end":{"line":176,"column":14}},"176":{"start":{"line":177,"column":0},"end":{"line":177,"column":12}},"177":{"start":{"line":178,"column":0},"end":{"line":178,"column":39}},"178":{"start":{"line":179,"column":0},"end":{"line":179,"column":18}},"179":{"start":{"line":180,"column":0},"end":{"line":180,"column":4}},"180":{"start":{"line":181,"column":0},"end":{"line":181,"column":1}},"182":{"start":{"line":183,"column":0},"end":{"line":183,"column":3}},"184":{"start":{"line":185,"column":0},"end":{"line":185,"column":3}},"185":{"start":{"line":186,"column":0},"end":{"line":186,"column":95}},"186":{"start":{"line":187,"column":0},"end":{"line":187,"column":115}},"187":{"start":{"line":188,"column":0},"end":{"line":188,"column":72}},"188":{"start":{"line":189,"column":0},"end":{"line":189,"column":60}},"189":{"start":{"line":190,"column":0},"end":{"line":190,"column":30}},"190":{"start":{"line":191,"column":0},"end":{"line":191,"column":1}},"192":{"start":{"line":193,"column":0},"end":{"line":193,"column":3}},"195":{"start":{"line":196,"column":0},"end":{"line":196,"column":3}},"196":{"start":{"line":197,"column":0},"end":{"line":197,"column":66}},"197":{"start":{"line":198,"column":0},"end":{"line":198,"column":45}},"198":{"start":{"line":199,"column":0},"end":{"line":199,"column":1}},"200":{"start":{"line":201,"column":0},"end":{"line":201,"column":47}},"202":{"start":{"line":203,"column":0},"end":{"line":203,"column":3}},"204":{"start":{"line":205,"column":0},"end":{"line":205,"column":3}},"205":{"start":{"line":206,"column":0},"end":{"line":206,"column":43}},"206":{"start":{"line":207,"column":0},"end":{"line":207,"column":43}},"207":{"start":{"line":208,"column":0},"end":{"line":208,"column":57}},"208":{"start":{"line":209,"column":0},"end":{"line":209,"column":65}},"209":{"start":{"line":210,"column":0},"end":{"line":210,"column":70}},"210":{"start":{"line":211,"column":0},"end":{"line":211,"column":3}},"211":{"start":{"line":212,"column":0},"end":{"line":212,"column":36}},"212":{"start":{"line":213,"column":0},"end":{"line":213,"column":1}},"214":{"start":{"line":215,"column":0},"end":{"line":215,"column":44}},"216":{"start":{"line":217,"column":0},"end":{"line":217,"column":3}},"218":{"start":{"line":219,"column":0},"end":{"line":219,"column":3}},"219":{"start":{"line":220,"column":0},"end":{"line":220,"column":88}},"220":{"start":{"line":221,"column":0},"end":{"line":221,"column":7}},"221":{"start":{"line":222,"column":0},"end":{"line":222,"column":42}},"222":{"start":{"line":223,"column":0},"end":{"line":223,"column":28}},"223":{"start":{"line":224,"column":0},"end":{"line":224,"column":18}},"224":{"start":{"line":225,"column":0},"end":{"line":225,"column":23}},"225":{"start":{"line":226,"column":0},"end":{"line":226,"column":21}},"227":{"start":{"line":228,"column":0},"end":{"line":228,"column":45}},"228":{"start":{"line":229,"column":0},"end":{"line":229,"column":53}},"229":{"start":{"line":230,"column":0},"end":{"line":230,"column":5}},"231":{"start":{"line":232,"column":0},"end":{"line":232,"column":33}},"232":{"start":{"line":233,"column":0},"end":{"line":233,"column":19}},"233":{"start":{"line":234,"column":0},"end":{"line":234,"column":51}},"234":{"start":{"line":235,"column":0},"end":{"line":235,"column":3}},"235":{"start":{"line":236,"column":0},"end":{"line":236,"column":1}},"237":{"start":{"line":238,"column":0},"end":{"line":238,"column":3}},"239":{"start":{"line":240,"column":0},"end":{"line":240,"column":3}},"240":{"start":{"line":241,"column":0},"end":{"line":241,"column":48}},"241":{"start":{"line":242,"column":0},"end":{"line":242,"column":19}},"242":{"start":{"line":243,"column":0},"end":{"line":243,"column":23}},"244":{"start":{"line":245,"column":0},"end":{"line":245,"column":47}},"245":{"start":{"line":246,"column":0},"end":{"line":246,"column":26}},"246":{"start":{"line":247,"column":0},"end":{"line":247,"column":17}},"247":{"start":{"line":248,"column":0},"end":{"line":248,"column":43}},"248":{"start":{"line":249,"column":0},"end":{"line":249,"column":29}},"249":{"start":{"line":250,"column":0},"end":{"line":250,"column":19}},"251":{"start":{"line":252,"column":0},"end":{"line":252,"column":23}},"252":{"start":{"line":253,"column":0},"end":{"line":253,"column":1}},"254":{"start":{"line":255,"column":0},"end":{"line":255,"column":3}},"256":{"start":{"line":257,"column":0},"end":{"line":257,"column":3}},"257":{"start":{"line":258,"column":0},"end":{"line":258,"column":37}},"258":{"start":{"line":259,"column":0},"end":{"line":259,"column":17}},"259":{"start":{"line":260,"column":0},"end":{"line":260,"column":18}},"261":{"start":{"line":262,"column":0},"end":{"line":262,"column":48}},"262":{"start":{"line":263,"column":0},"end":{"line":263,"column":26}},"263":{"start":{"line":264,"column":0},"end":{"line":264,"column":55}},"264":{"start":{"line":265,"column":0},"end":{"line":265,"column":3}},"266":{"start":{"line":267,"column":0},"end":{"line":267,"column":52}},"268":{"start":{"line":269,"column":0},"end":{"line":269,"column":23}},"269":{"start":{"line":270,"column":0},"end":{"line":270,"column":82}},"270":{"start":{"line":271,"column":0},"end":{"line":271,"column":21}},"271":{"start":{"line":272,"column":0},"end":{"line":272,"column":71}},"272":{"start":{"line":273,"column":0},"end":{"line":273,"column":3}},"274":{"start":{"line":275,"column":0},"end":{"line":275,"column":7}},"275":{"start":{"line":276,"column":0},"end":{"line":276,"column":33}},"276":{"start":{"line":277,"column":0},"end":{"line":277,"column":81}},"277":{"start":{"line":278,"column":0},"end":{"line":278,"column":17}},"278":{"start":{"line":279,"column":0},"end":{"line":279,"column":35}},"279":{"start":{"line":280,"column":0},"end":{"line":280,"column":7}},"281":{"start":{"line":282,"column":0},"end":{"line":282,"column":23}},"282":{"start":{"line":283,"column":0},"end":{"line":283,"column":68}},"283":{"start":{"line":284,"column":0},"end":{"line":284,"column":5}},"285":{"start":{"line":286,"column":0},"end":{"line":286,"column":39}},"286":{"start":{"line":287,"column":0},"end":{"line":287,"column":92}},"288":{"start":{"line":289,"column":0},"end":{"line":289,"column":29}},"289":{"start":{"line":290,"column":0},"end":{"line":290,"column":19}},"290":{"start":{"line":291,"column":0},"end":{"line":291,"column":66}},"291":{"start":{"line":292,"column":0},"end":{"line":292,"column":3}},"292":{"start":{"line":293,"column":0},"end":{"line":293,"column":1}},"294":{"start":{"line":295,"column":0},"end":{"line":295,"column":3}},"296":{"start":{"line":297,"column":0},"end":{"line":297,"column":3}},"297":{"start":{"line":298,"column":0},"end":{"line":298,"column":88}},"298":{"start":{"line":299,"column":0},"end":{"line":299,"column":7}},"299":{"start":{"line":300,"column":0},"end":{"line":300,"column":42}},"300":{"start":{"line":301,"column":0},"end":{"line":301,"column":28}},"301":{"start":{"line":302,"column":0},"end":{"line":302,"column":76}},"302":{"start":{"line":303,"column":0},"end":{"line":303,"column":23}},"303":{"start":{"line":304,"column":0},"end":{"line":304,"column":21}},"305":{"start":{"line":306,"column":0},"end":{"line":306,"column":25}},"306":{"start":{"line":307,"column":0},"end":{"line":307,"column":87}},"307":{"start":{"line":308,"column":0},"end":{"line":308,"column":5}},"309":{"start":{"line":310,"column":0},"end":{"line":310,"column":27}},"310":{"start":{"line":311,"column":0},"end":{"line":311,"column":81}},"311":{"start":{"line":312,"column":0},"end":{"line":312,"column":96}},"313":{"start":{"line":314,"column":0},"end":{"line":314,"column":60}},"314":{"start":{"line":315,"column":0},"end":{"line":315,"column":76}},"316":{"start":{"line":317,"column":0},"end":{"line":317,"column":43}},"317":{"start":{"line":318,"column":0},"end":{"line":318,"column":39}},"318":{"start":{"line":319,"column":0},"end":{"line":319,"column":26}},"320":{"start":{"line":321,"column":0},"end":{"line":321,"column":39}},"321":{"start":{"line":322,"column":0},"end":{"line":322,"column":92}},"322":{"start":{"line":323,"column":0},"end":{"line":323,"column":87}},"323":{"start":{"line":324,"column":0},"end":{"line":324,"column":76}},"325":{"start":{"line":326,"column":0},"end":{"line":326,"column":28}},"326":{"start":{"line":327,"column":0},"end":{"line":327,"column":67}},"328":{"start":{"line":329,"column":0},"end":{"line":329,"column":27}},"329":{"start":{"line":330,"column":0},"end":{"line":330,"column":23}},"330":{"start":{"line":331,"column":0},"end":{"line":331,"column":98}},"331":{"start":{"line":332,"column":0},"end":{"line":332,"column":43}},"332":{"start":{"line":333,"column":0},"end":{"line":333,"column":64}},"333":{"start":{"line":334,"column":0},"end":{"line":334,"column":23}},"334":{"start":{"line":335,"column":0},"end":{"line":335,"column":71}},"335":{"start":{"line":336,"column":0},"end":{"line":336,"column":5}},"337":{"start":{"line":338,"column":0},"end":{"line":338,"column":81}},"338":{"start":{"line":339,"column":0},"end":{"line":339,"column":19}},"339":{"start":{"line":340,"column":0},"end":{"line":340,"column":85}},"340":{"start":{"line":341,"column":0},"end":{"line":341,"column":3}},"341":{"start":{"line":342,"column":0},"end":{"line":342,"column":1}},"343":{"start":{"line":344,"column":0},"end":{"line":344,"column":44}},"344":{"start":{"line":345,"column":0},"end":{"line":345,"column":17}},"345":{"start":{"line":346,"column":0},"end":{"line":346,"column":41}},"347":{"start":{"line":348,"column":0},"end":{"line":348,"column":7}},"348":{"start":{"line":349,"column":0},"end":{"line":349,"column":47}},"349":{"start":{"line":350,"column":0},"end":{"line":350,"column":65}},"350":{"start":{"line":351,"column":0},"end":{"line":351,"column":93}},"351":{"start":{"line":352,"column":0},"end":{"line":352,"column":27}},"352":{"start":{"line":353,"column":0},"end":{"line":353,"column":29}},"353":{"start":{"line":354,"column":0},"end":{"line":354,"column":6}},"355":{"start":{"line":356,"column":0},"end":{"line":356,"column":22}},"356":{"start":{"line":357,"column":0},"end":{"line":357,"column":43}},"357":{"start":{"line":358,"column":0},"end":{"line":358,"column":38}},"358":{"start":{"line":359,"column":0},"end":{"line":359,"column":5}},"360":{"start":{"line":361,"column":0},"end":{"line":361,"column":36}},"361":{"start":{"line":362,"column":0},"end":{"line":362,"column":28}},"362":{"start":{"line":363,"column":0},"end":{"line":363,"column":25}},"363":{"start":{"line":364,"column":0},"end":{"line":364,"column":24}},"365":{"start":{"line":366,"column":0},"end":{"line":366,"column":16}},"366":{"start":{"line":367,"column":0},"end":{"line":367,"column":53}},"367":{"start":{"line":368,"column":0},"end":{"line":368,"column":5}},"369":{"start":{"line":370,"column":0},"end":{"line":370,"column":39}},"370":{"start":{"line":371,"column":0},"end":{"line":371,"column":19}},"371":{"start":{"line":372,"column":0},"end":{"line":372,"column":51}},"372":{"start":{"line":373,"column":0},"end":{"line":373,"column":3}},"373":{"start":{"line":374,"column":0},"end":{"line":374,"column":1}},"375":{"start":{"line":376,"column":0},"end":{"line":376,"column":82}},"376":{"start":{"line":377,"column":0},"end":{"line":377,"column":50}},"377":{"start":{"line":378,"column":0},"end":{"line":378,"column":1}},"383":{"start":{"line":384,"column":0},"end":{"line":384,"column":3}},"386":{"start":{"line":387,"column":0},"end":{"line":387,"column":3}},"387":{"start":{"line":388,"column":0},"end":{"line":388,"column":69}},"388":{"start":{"line":389,"column":0},"end":{"line":389,"column":7}},"389":{"start":{"line":390,"column":0},"end":{"line":390,"column":47}},"390":{"start":{"line":391,"column":0},"end":{"line":391,"column":104}},"391":{"start":{"line":392,"column":0},"end":{"line":392,"column":57}},"392":{"start":{"line":393,"column":0},"end":{"line":393,"column":54}},"393":{"start":{"line":394,"column":0},"end":{"line":394,"column":92}},"394":{"start":{"line":395,"column":0},"end":{"line":395,"column":47}},"395":{"start":{"line":396,"column":0},"end":{"line":396,"column":62}},"396":{"start":{"line":397,"column":0},"end":{"line":397,"column":5}},"397":{"start":{"line":398,"column":0},"end":{"line":398,"column":119}},"398":{"start":{"line":399,"column":0},"end":{"line":399,"column":37}},"399":{"start":{"line":400,"column":0},"end":{"line":400,"column":11}},"400":{"start":{"line":401,"column":0},"end":{"line":401,"column":43}},"401":{"start":{"line":402,"column":0},"end":{"line":402,"column":3}},"402":{"start":{"line":403,"column":0},"end":{"line":403,"column":1}},"404":{"start":{"line":405,"column":0},"end":{"line":405,"column":3}},"406":{"start":{"line":407,"column":0},"end":{"line":407,"column":3}},"407":{"start":{"line":408,"column":0},"end":{"line":408,"column":47}},"408":{"start":{"line":409,"column":0},"end":{"line":409,"column":17}},"409":{"start":{"line":410,"column":0},"end":{"line":410,"column":18}},"411":{"start":{"line":412,"column":0},"end":{"line":412,"column":7}},"412":{"start":{"line":413,"column":0},"end":{"line":413,"column":36}},"413":{"start":{"line":414,"column":0},"end":{"line":414,"column":28}},"414":{"start":{"line":415,"column":0},"end":{"line":415,"column":55}},"415":{"start":{"line":416,"column":0},"end":{"line":416,"column":24}},"417":{"start":{"line":418,"column":0},"end":{"line":418,"column":16}},"418":{"start":{"line":419,"column":0},"end":{"line":419,"column":53}},"419":{"start":{"line":420,"column":0},"end":{"line":420,"column":5}},"421":{"start":{"line":422,"column":0},"end":{"line":422,"column":42}},"422":{"start":{"line":423,"column":0},"end":{"line":423,"column":19}},"423":{"start":{"line":424,"column":0},"end":{"line":424,"column":51}},"424":{"start":{"line":425,"column":0},"end":{"line":425,"column":3}},"425":{"start":{"line":426,"column":0},"end":{"line":426,"column":1}},"427":{"start":{"line":428,"column":0},"end":{"line":428,"column":3}},"429":{"start":{"line":430,"column":0},"end":{"line":430,"column":3}},"430":{"start":{"line":431,"column":0},"end":{"line":431,"column":50}},"431":{"start":{"line":432,"column":0},"end":{"line":432,"column":17}},"432":{"start":{"line":433,"column":0},"end":{"line":433,"column":19}},"433":{"start":{"line":434,"column":0},"end":{"line":434,"column":23}},"435":{"start":{"line":436,"column":0},"end":{"line":436,"column":7}},"436":{"start":{"line":437,"column":0},"end":{"line":437,"column":36}},"437":{"start":{"line":438,"column":0},"end":{"line":438,"column":28}},"438":{"start":{"line":439,"column":0},"end":{"line":439,"column":16}},"439":{"start":{"line":440,"column":0},"end":{"line":440,"column":48}},"440":{"start":{"line":441,"column":0},"end":{"line":441,"column":32}},"441":{"start":{"line":442,"column":0},"end":{"line":442,"column":8}},"442":{"start":{"line":443,"column":0},"end":{"line":443,"column":24}},"444":{"start":{"line":445,"column":0},"end":{"line":445,"column":16}},"445":{"start":{"line":446,"column":0},"end":{"line":446,"column":53}},"446":{"start":{"line":447,"column":0},"end":{"line":447,"column":5}},"448":{"start":{"line":449,"column":0},"end":{"line":449,"column":42}},"449":{"start":{"line":450,"column":0},"end":{"line":450,"column":19}},"450":{"start":{"line":451,"column":0},"end":{"line":451,"column":51}},"451":{"start":{"line":452,"column":0},"end":{"line":452,"column":3}},"452":{"start":{"line":453,"column":0},"end":{"line":453,"column":1}},"454":{"start":{"line":455,"column":0},"end":{"line":455,"column":3}},"456":{"start":{"line":457,"column":0},"end":{"line":457,"column":3}},"457":{"start":{"line":458,"column":0},"end":{"line":458,"column":40}},"458":{"start":{"line":459,"column":0},"end":{"line":459,"column":17}},"459":{"start":{"line":460,"column":0},"end":{"line":460,"column":18}},"461":{"start":{"line":462,"column":0},"end":{"line":462,"column":7}},"462":{"start":{"line":463,"column":0},"end":{"line":463,"column":36}},"463":{"start":{"line":464,"column":0},"end":{"line":464,"column":28}},"464":{"start":{"line":465,"column":0},"end":{"line":465,"column":48}},"465":{"start":{"line":466,"column":0},"end":{"line":466,"column":24}},"467":{"start":{"line":468,"column":0},"end":{"line":468,"column":16}},"468":{"start":{"line":469,"column":0},"end":{"line":469,"column":53}},"469":{"start":{"line":470,"column":0},"end":{"line":470,"column":5}},"471":{"start":{"line":472,"column":0},"end":{"line":472,"column":42}},"472":{"start":{"line":473,"column":0},"end":{"line":473,"column":19}},"473":{"start":{"line":474,"column":0},"end":{"line":474,"column":51}},"474":{"start":{"line":475,"column":0},"end":{"line":475,"column":3}},"475":{"start":{"line":476,"column":0},"end":{"line":476,"column":1}}},"s":{"0":1,"2":1,"3":1,"6":1,"45":1,"47":1,"48":1,"49":1,"50":1,"51":1,"52":1,"53":1,"54":1,"55":1,"56":1,"57":1,"58":1,"59":1,"60":1,"61":1,"62":1,"63":1,"64":1,"65":1,"67":1,"68":1,"69":1,"70":1,"71":1,"72":1,"73":1,"74":1,"75":1,"76":1,"77":1,"78":1,"79":1,"80":1,"81":1,"82":1,"83":1,"84":1,"85":1,"87":1,"88":1,"89":1,"90":1,"91":1,"92":1,"93":1,"94":1,"95":1,"96":1,"97":1,"98":1,"99":1,"100":1,"101":1,"102":1,"103":1,"104":1,"105":1,"115":1,"117":1,"118":1,"119":1,"121":1,"123":1,"124":1,"125":7,"126":1,"127":1,"129":6,"131":7,"132":1,"133":1,"135":7,"136":0,"137":0,"139":7,"140":1,"141":1,"142":1,"143":1,"144":1,"146":4,"147":4,"149":1,"151":1,"152":1,"153":1,"154":1,"156":1,"158":1,"159":1,"160":3,"161":1,"162":1,"164":2,"165":3,"166":3,"167":3,"169":3,"170":3,"171":1,"172":1,"174":2,"175":2,"176":2,"177":2,"178":2,"179":2,"180":2,"182":1,"184":1,"185":1,"186":3,"187":3,"188":3,"189":1,"190":1,"192":1,"195":1,"196":1,"197":9,"198":9,"200":1,"202":1,"204":1,"205":0,"206":0,"207":0,"208":0,"209":0,"210":0,"211":0,"212":0,"214":1,"216":1,"218":1,"219":1,"220":1,"221":1,"222":1,"223":1,"224":1,"225":1,"227":1,"228":0,"229":0,"231":1,"232":1,"233":0,"234":0,"235":1,"237":1,"239":1,"240":1,"241":4,"242":4,"244":4,"245":4,"246":4,"247":4,"248":4,"249":4,"251":4,"252":4,"254":1,"256":1,"257":1,"258":4,"259":4,"261":4,"262":4,"263":1,"264":1,"266":3,"268":3,"269":3,"270":4,"271":1,"272":1,"274":2,"275":2,"276":2,"277":2,"278":2,"279":2,"281":4,"282":0,"283":0,"285":1,"286":1,"288":1,"289":1,"290":1,"291":1,"292":4,"294":1,"296":1,"297":1,"298":4,"299":4,"300":4,"301":4,"302":4,"303":4,"305":4,"306":1,"307":1,"309":3,"310":4,"311":4,"313":4,"314":4,"316":4,"317":4,"318":4,"320":4,"321":4,"322":4,"323":4,"325":4,"326":4,"328":4,"329":1,"330":1,"331":4,"332":1,"333":1,"334":1,"335":1,"337":4,"338":4,"339":0,"340":0,"341":4,"343":1,"344":1,"345":1,"347":1,"348":1,"349":1,"350":1,"351":1,"352":1,"353":1,"355":1,"356":1,"357":1,"358":1,"360":1,"361":1,"362":1,"363":1,"365":1,"366":0,"367":0,"369":1,"370":1,"371":0,"372":0,"373":1,"375":1,"376":1,"377":1,"383":1,"386":1,"387":1,"388":0,"389":0,"390":0,"391":0,"392":0,"393":0,"394":0,"395":0,"396":0,"397":0,"398":0,"399":0,"400":0,"401":0,"402":0,"404":1,"406":1,"407":1,"408":0,"409":0,"411":0,"412":0,"413":0,"414":0,"415":0,"417":0,"418":0,"419":0,"421":0,"422":0,"423":0,"424":0,"425":0,"427":1,"429":1,"430":1,"431":0,"432":0,"433":0,"435":0,"436":0,"437":0,"438":0,"439":0,"440":0,"441":0,"442":0,"444":0,"445":0,"446":0,"448":0,"449":0,"450":0,"451":0,"452":0,"454":1,"456":1,"457":1,"458":0,"459":0,"461":0,"462":0,"463":0,"464":0,"465":0,"467":0,"468":0,"469":0,"471":0,"472":0,"473":0,"474":0,"475":0},"branchMap":{"0":{"type":"branch","line":125,"loc":{"start":{"line":125,"column":7},"end":{"line":148,"column":1}},"locations":[{"start":{"line":125,"column":7},"end":{"line":148,"column":1}}]},"1":{"type":"branch","line":126,"loc":{"start":{"line":126,"column":7},"end":{"line":126,"column":49}},"locations":[{"start":{"line":126,"column":7},"end":{"line":126,"column":49}}]},"2":{"type":"branch","line":126,"loc":{"start":{"line":126,"column":49},"end":{"line":128,"column":3}},"locations":[{"start":{"line":126,"column":49},"end":{"line":128,"column":3}}]},"3":{"type":"branch","line":128,"loc":{"start":{"line":128,"column":2},"end":{"line":132,"column":44}},"locations":[{"start":{"line":128,"column":2},"end":{"line":132,"column":44}}]},"4":{"type":"branch","line":132,"loc":{"start":{"line":132,"column":44},"end":{"line":134,"column":3}},"locations":[{"start":{"line":132,"column":44},"end":{"line":134,"column":3}}]},"5":{"type":"branch","line":134,"loc":{"start":{"line":134,"column":2},"end":{"line":136,"column":44}},"locations":[{"start":{"line":134,"column":2},"end":{"line":136,"column":44}}]},"6":{"type":"branch","line":136,"loc":{"start":{"line":136,"column":44},"end":{"line":138,"column":3}},"locations":[{"start":{"line":136,"column":44},"end":{"line":138,"column":3}}]},"7":{"type":"branch","line":138,"loc":{"start":{"line":138,"column":2},"end":{"line":140,"column":37}},"locations":[{"start":{"line":138,"column":2},"end":{"line":140,"column":37}}]},"8":{"type":"branch","line":140,"loc":{"start":{"line":140,"column":37},"end":{"line":145,"column":3}},"locations":[{"start":{"line":140,"column":37},"end":{"line":145,"column":3}}]},"9":{"type":"branch","line":145,"loc":{"start":{"line":145,"column":2},"end":{"line":148,"column":1}},"locations":[{"start":{"line":145,"column":2},"end":{"line":148,"column":1}}]},"10":{"type":"branch","line":153,"loc":{"start":{"line":153,"column":7},"end":{"line":155,"column":1}},"locations":[{"start":{"line":153,"column":7},"end":{"line":155,"column":1}}]},"11":{"type":"branch","line":160,"loc":{"start":{"line":160,"column":7},"end":{"line":181,"column":1}},"locations":[{"start":{"line":160,"column":7},"end":{"line":181,"column":1}}]},"12":{"type":"branch","line":161,"loc":{"start":{"line":161,"column":16},"end":{"line":163,"column":3}},"locations":[{"start":{"line":161,"column":16},"end":{"line":163,"column":3}}]},"13":{"type":"branch","line":163,"loc":{"start":{"line":163,"column":2},"end":{"line":166,"column":46}},"locations":[{"start":{"line":163,"column":2},"end":{"line":166,"column":46}}]},"14":{"type":"branch","line":166,"loc":{"start":{"line":166,"column":43},"end":{"line":166,"column":80}},"locations":[{"start":{"line":166,"column":43},"end":{"line":166,"column":80}}]},"15":{"type":"branch","line":166,"loc":{"start":{"line":166,"column":76},"end":{"line":166,"column":85}},"locations":[{"start":{"line":166,"column":76},"end":{"line":166,"column":85}}]},"16":{"type":"branch","line":167,"loc":{"start":{"line":167,"column":18},"end":{"line":167,"column":52}},"locations":[{"start":{"line":167,"column":18},"end":{"line":167,"column":52}}]},"17":{"type":"branch","line":167,"loc":{"start":{"line":167,"column":46},"end":{"line":167,"column":58}},"locations":[{"start":{"line":167,"column":46},"end":{"line":167,"column":58}}]},"18":{"type":"branch","line":168,"loc":{"start":{"line":168,"column":38},"end":{"line":168,"column":50}},"locations":[{"start":{"line":168,"column":38},"end":{"line":168,"column":50}}]},"19":{"type":"branch","line":171,"loc":{"start":{"line":171,"column":6},"end":{"line":171,"column":30}},"locations":[{"start":{"line":171,"column":6},"end":{"line":171,"column":30}}]},"20":{"type":"branch","line":171,"loc":{"start":{"line":171,"column":30},"end":{"line":173,"column":3}},"locations":[{"start":{"line":171,"column":30},"end":{"line":173,"column":3}}]},"21":{"type":"branch","line":173,"loc":{"start":{"line":173,"column":2},"end":{"line":181,"column":1}},"locations":[{"start":{"line":173,"column":2},"end":{"line":181,"column":1}}]},"22":{"type":"branch","line":186,"loc":{"start":{"line":186,"column":7},"end":{"line":191,"column":1}},"locations":[{"start":{"line":186,"column":7},"end":{"line":191,"column":1}}]},"23":{"type":"branch","line":187,"loc":{"start":{"line":187,"column":34},"end":{"line":187,"column":58}},"locations":[{"start":{"line":187,"column":34},"end":{"line":187,"column":58}}]},"24":{"type":"branch","line":188,"loc":{"start":{"line":188,"column":22},"end":{"line":188,"column":47}},"locations":[{"start":{"line":188,"column":22},"end":{"line":188,"column":47}}]},"25":{"type":"branch","line":188,"loc":{"start":{"line":188,"column":49},"end":{"line":188,"column":72}},"locations":[{"start":{"line":188,"column":49},"end":{"line":188,"column":72}}]},"26":{"type":"branch","line":188,"loc":{"start":{"line":188,"column":56},"end":{"line":189,"column":33}},"locations":[{"start":{"line":188,"column":56},"end":{"line":189,"column":33}}]},"27":{"type":"branch","line":189,"loc":{"start":{"line":189,"column":33},"end":{"line":191,"column":1}},"locations":[{"start":{"line":189,"column":33},"end":{"line":191,"column":1}}]},"28":{"type":"branch","line":197,"loc":{"start":{"line":197,"column":7},"end":{"line":199,"column":1}},"locations":[{"start":{"line":197,"column":7},"end":{"line":199,"column":1}}]},"29":{"type":"branch","line":220,"loc":{"start":{"line":220,"column":7},"end":{"line":236,"column":1}},"locations":[{"start":{"line":220,"column":7},"end":{"line":236,"column":1}}]},"30":{"type":"branch","line":228,"loc":{"start":{"line":228,"column":8},"end":{"line":228,"column":44}},"locations":[{"start":{"line":228,"column":8},"end":{"line":228,"column":44}}]},"31":{"type":"branch","line":228,"loc":{"start":{"line":228,"column":44},"end":{"line":230,"column":5}},"locations":[{"start":{"line":228,"column":44},"end":{"line":230,"column":5}}]},"32":{"type":"branch","line":233,"loc":{"start":{"line":233,"column":4},"end":{"line":235,"column":3}},"locations":[{"start":{"line":233,"column":4},"end":{"line":235,"column":3}}]},"33":{"type":"branch","line":241,"loc":{"start":{"line":241,"column":7},"end":{"line":253,"column":1}},"locations":[{"start":{"line":241,"column":7},"end":{"line":253,"column":1}}]},"34":{"type":"branch","line":258,"loc":{"start":{"line":258,"column":7},"end":{"line":293,"column":1}},"locations":[{"start":{"line":258,"column":7},"end":{"line":293,"column":1}}]},"35":{"type":"branch","line":263,"loc":{"start":{"line":263,"column":25},"end":{"line":265,"column":3}},"locations":[{"start":{"line":263,"column":25},"end":{"line":265,"column":3}}]},"36":{"type":"branch","line":265,"loc":{"start":{"line":265,"column":2},"end":{"line":271,"column":20}},"locations":[{"start":{"line":265,"column":2},"end":{"line":271,"column":20}}]},"37":{"type":"branch","line":271,"loc":{"start":{"line":271,"column":20},"end":{"line":273,"column":3}},"locations":[{"start":{"line":271,"column":20},"end":{"line":273,"column":3}}]},"38":{"type":"branch","line":273,"loc":{"start":{"line":273,"column":2},"end":{"line":280,"column":7}},"locations":[{"start":{"line":273,"column":2},"end":{"line":280,"column":7}}]},"39":{"type":"branch","line":280,"loc":{"start":{"line":280,"column":4},"end":{"line":282,"column":22}},"locations":[{"start":{"line":280,"column":4},"end":{"line":282,"column":22}}]},"40":{"type":"branch","line":282,"loc":{"start":{"line":282,"column":22},"end":{"line":284,"column":5}},"locations":[{"start":{"line":282,"column":22},"end":{"line":284,"column":5}}]},"41":{"type":"branch","line":284,"loc":{"start":{"line":284,"column":4},"end":{"line":292,"column":3}},"locations":[{"start":{"line":284,"column":4},"end":{"line":292,"column":3}}]},"42":{"type":"branch","line":298,"loc":{"start":{"line":298,"column":7},"end":{"line":342,"column":1}},"locations":[{"start":{"line":298,"column":7},"end":{"line":342,"column":1}}]},"43":{"type":"branch","line":306,"loc":{"start":{"line":306,"column":8},"end":{"line":306,"column":24}},"locations":[{"start":{"line":306,"column":8},"end":{"line":306,"column":24}}]},"44":{"type":"branch","line":306,"loc":{"start":{"line":306,"column":24},"end":{"line":308,"column":5}},"locations":[{"start":{"line":306,"column":24},"end":{"line":308,"column":5}}]},"45":{"type":"branch","line":308,"loc":{"start":{"line":308,"column":4},"end":{"line":311,"column":45}},"locations":[{"start":{"line":308,"column":4},"end":{"line":311,"column":45}}]},"46":{"type":"branch","line":311,"loc":{"start":{"line":311,"column":42},"end":{"line":311,"column":76}},"locations":[{"start":{"line":311,"column":42},"end":{"line":311,"column":76}}]},"47":{"type":"branch","line":311,"loc":{"start":{"line":311,"column":72},"end":{"line":311,"column":81}},"locations":[{"start":{"line":311,"column":72},"end":{"line":311,"column":81}}]},"48":{"type":"branch","line":312,"loc":{"start":{"line":312,"column":52},"end":{"line":312,"column":91}},"locations":[{"start":{"line":312,"column":52},"end":{"line":312,"column":91}}]},"49":{"type":"branch","line":312,"loc":{"start":{"line":312,"column":87},"end":{"line":312,"column":96}},"locations":[{"start":{"line":312,"column":87},"end":{"line":312,"column":96}}]},"50":{"type":"branch","line":314,"loc":{"start":{"line":314,"column":20},"end":{"line":314,"column":54}},"locations":[{"start":{"line":314,"column":20},"end":{"line":314,"column":54}}]},"51":{"type":"branch","line":314,"loc":{"start":{"line":314,"column":48},"end":{"line":314,"column":60}},"locations":[{"start":{"line":314,"column":48},"end":{"line":314,"column":60}}]},"52":{"type":"branch","line":315,"loc":{"start":{"line":315,"column":26},"end":{"line":315,"column":70}},"locations":[{"start":{"line":315,"column":26},"end":{"line":315,"column":70}}]},"53":{"type":"branch","line":315,"loc":{"start":{"line":315,"column":64},"end":{"line":315,"column":76}},"locations":[{"start":{"line":315,"column":64},"end":{"line":315,"column":76}}]},"54":{"type":"branch","line":323,"loc":{"start":{"line":323,"column":46},"end":{"line":323,"column":87}},"locations":[{"start":{"line":323,"column":46},"end":{"line":323,"column":87}}]},"55":{"type":"branch","line":323,"loc":{"start":{"line":323,"column":52},"end":{"line":323,"column":84}},"locations":[{"start":{"line":323,"column":52},"end":{"line":323,"column":84}}]},"56":{"type":"branch","line":324,"loc":{"start":{"line":324,"column":29},"end":{"line":324,"column":68}},"locations":[{"start":{"line":324,"column":29},"end":{"line":324,"column":68}}]},"57":{"type":"branch","line":324,"loc":{"start":{"line":324,"column":46},"end":{"line":324,"column":76}},"locations":[{"start":{"line":324,"column":46},"end":{"line":324,"column":76}}]},"58":{"type":"branch","line":329,"loc":{"start":{"line":329,"column":26},"end":{"line":332,"column":11}},"locations":[{"start":{"line":329,"column":26},"end":{"line":332,"column":11}}]},"59":{"type":"branch","line":331,"loc":{"start":{"line":331,"column":29},"end":{"line":331,"column":50}},"locations":[{"start":{"line":331,"column":29},"end":{"line":331,"column":50}}]},"60":{"type":"branch","line":332,"loc":{"start":{"line":332,"column":4},"end":{"line":336,"column":5}},"locations":[{"start":{"line":332,"column":4},"end":{"line":336,"column":5}}]},"61":{"type":"branch","line":332,"loc":{"start":{"line":332,"column":42},"end":{"line":336,"column":5}},"locations":[{"start":{"line":332,"column":42},"end":{"line":336,"column":5}}]},"62":{"type":"branch","line":336,"loc":{"start":{"line":336,"column":4},"end":{"line":338,"column":65}},"locations":[{"start":{"line":336,"column":4},"end":{"line":338,"column":65}}]},"63":{"type":"branch","line":338,"loc":{"start":{"line":338,"column":61},"end":{"line":338,"column":71}},"locations":[{"start":{"line":338,"column":61},"end":{"line":338,"column":71}}]},"64":{"type":"branch","line":339,"loc":{"start":{"line":339,"column":4},"end":{"line":341,"column":3}},"locations":[{"start":{"line":339,"column":4},"end":{"line":341,"column":3}}]},"65":{"type":"branch","line":344,"loc":{"start":{"line":344,"column":7},"end":{"line":374,"column":1}},"locations":[{"start":{"line":344,"column":7},"end":{"line":374,"column":1}}]},"66":{"type":"branch","line":366,"loc":{"start":{"line":366,"column":15},"end":{"line":368,"column":5}},"locations":[{"start":{"line":366,"column":15},"end":{"line":368,"column":5}}]},"67":{"type":"branch","line":371,"loc":{"start":{"line":371,"column":4},"end":{"line":373,"column":3}},"locations":[{"start":{"line":371,"column":4},"end":{"line":373,"column":3}}]},"68":{"type":"branch","line":376,"loc":{"start":{"line":376,"column":7},"end":{"line":378,"column":1}},"locations":[{"start":{"line":376,"column":7},"end":{"line":378,"column":1}}]}},"b":{"0":[7],"1":[6],"2":[1],"3":[6],"4":[1],"5":[5],"6":[0],"7":[5],"8":[1],"9":[4],"10":[1],"11":[3],"12":[1],"13":[2],"14":[1],"15":[1],"16":[1],"17":[1],"18":[1],"19":[1],"20":[1],"21":[2],"22":[3],"23":[0],"24":[2],"25":[1],"26":[2],"27":[1],"28":[9],"29":[1],"30":[0],"31":[0],"32":[0],"33":[4],"34":[4],"35":[1],"36":[3],"37":[1],"38":[2],"39":[1],"40":[0],"41":[1],"42":[4],"43":[3],"44":[1],"45":[3],"46":[1],"47":[2],"48":[1],"49":[2],"50":[1],"51":[2],"52":[1],"53":[2],"54":[2],"55":[1],"56":[3],"57":[2],"58":[1],"59":[0],"60":[2],"61":[1],"62":[3],"63":[2],"64":[0],"65":[1],"66":[0],"67":[0],"68":[1]},"fnMap":{"0":{"name":"validateUsername","decl":{"start":{"line":125,"column":7},"end":{"line":148,"column":1}},"loc":{"start":{"line":125,"column":7},"end":{"line":148,"column":1}},"line":125},"1":{"name":"normalizeUsername","decl":{"start":{"line":153,"column":7},"end":{"line":155,"column":1}},"loc":{"start":{"line":153,"column":7},"end":{"line":155,"column":1}},"line":153},"2":{"name":"calculatePremiumStatus","decl":{"start":{"line":160,"column":7},"end":{"line":181,"column":1}},"loc":{"start":{"line":160,"column":7},"end":{"line":181,"column":1}},"line":160},"3":{"name":"getUserLimits","decl":{"start":{"line":186,"column":7},"end":{"line":191,"column":1}},"loc":{"start":{"line":186,"column":7},"end":{"line":191,"column":1}},"line":186},"4":{"name":"getTierCommissionRate","decl":{"start":{"line":197,"column":7},"end":{"line":199,"column":1}},"loc":{"start":{"line":197,"column":7},"end":{"line":199,"column":1}},"line":197},"5":{"name":"wrapError","decl":{"start":{"line":206,"column":0},"end":{"line":213,"column":1}},"loc":{"start":{"line":206,"column":0},"end":{"line":213,"column":1}},"line":206},"6":{"name":"loadUserProfile","decl":{"start":{"line":220,"column":7},"end":{"line":236,"column":1}},"loc":{"start":{"line":220,"column":7},"end":{"line":236,"column":1}},"line":220},"7":{"name":"checkUsernameAvailability","decl":{"start":{"line":241,"column":7},"end":{"line":253,"column":1}},"loc":{"start":{"line":241,"column":7},"end":{"line":253,"column":1}},"line":241},"8":{"name":"updateUsername","decl":{"start":{"line":258,"column":7},"end":{"line":293,"column":1}},"loc":{"start":{"line":258,"column":7},"end":{"line":293,"column":1}},"line":258},"9":{"name":"checkPremiumStatus","decl":{"start":{"line":298,"column":7},"end":{"line":342,"column":1}},"loc":{"start":{"line":298,"column":7},"end":{"line":342,"column":1}},"line":298},"10":{"name":"updateUserPremiumTier","decl":{"start":{"line":344,"column":7},"end":{"line":374,"column":1}},"loc":{"start":{"line":344,"column":7},"end":{"line":374,"column":1}},"line":344},"11":{"name":"activateStarterTier","decl":{"start":{"line":376,"column":7},"end":{"line":378,"column":1}},"loc":{"start":{"line":376,"column":7},"end":{"line":378,"column":1}},"line":376},"12":{"name":"startProTrial","decl":{"start":{"line":388,"column":7},"end":{"line":403,"column":1}},"loc":{"start":{"line":388,"column":7},"end":{"line":403,"column":1}},"line":388},"13":{"name":"updateEmailNotifications","decl":{"start":{"line":408,"column":7},"end":{"line":426,"column":1}},"loc":{"start":{"line":408,"column":7},"end":{"line":426,"column":1}},"line":408},"14":{"name":"updateTelegramNotifications","decl":{"start":{"line":431,"column":7},"end":{"line":453,"column":1}},"loc":{"start":{"line":431,"column":7},"end":{"line":453,"column":1}},"line":431},"15":{"name":"updateKaspiWidget","decl":{"start":{"line":458,"column":7},"end":{"line":476,"column":1}},"loc":{"start":{"line":458,"column":7},"end":{"line":476,"column":1}},"line":458}},"f":{"0":7,"1":1,"2":3,"3":3,"4":9,"5":0,"6":1,"7":4,"8":4,"9":4,"10":1,"11":1,"12":0,"13":0,"14":0,"15":0}}
,"C:\\Users\\i.azelkhanov\\Documents\\inkmax\\src\\services\\zones\\robokassa.ts": {"path":"C:\\Users\\i.azelkhanov\\Documents\\inkmax\\src\\services\\zones\\robokassa.ts","all":false,"statementMap":{"0":{"start":{"line":1,"column":0},"end":{"line":1,"column":54}},"13":{"start":{"line":14,"column":0},"end":{"line":14,"column":3}},"15":{"start":{"line":16,"column":0},"end":{"line":16,"column":3}},"16":{"start":{"line":17,"column":0},"end":{"line":17,"column":117}},"17":{"start":{"line":18,"column":0},"end":{"line":18,"column":74}},"18":{"start":{"line":19,"column":0},"end":{"line":19,"column":21}},"19":{"start":{"line":20,"column":0},"end":{"line":20,"column":7}},"21":{"start":{"line":22,"column":0},"end":{"line":22,"column":16}},"22":{"start":{"line":23,"column":0},"end":{"line":23,"column":64}},"23":{"start":{"line":24,"column":0},"end":{"line":24,"column":75}},"24":{"start":{"line":25,"column":0},"end":{"line":25,"column":5}},"26":{"start":{"line":27,"column":0},"end":{"line":27,"column":12}},"27":{"start":{"line":28,"column":0},"end":{"line":28,"column":22}},"28":{"start":{"line":29,"column":0},"end":{"line":29,"column":25}},"29":{"start":{"line":30,"column":0},"end":{"line":30,"column":6}},"30":{"start":{"line":31,"column":0},"end":{"line":31,"column":1}}},"s":{"0":1,"13":1,"15":1,"16":1,"17":2,"18":2,"19":2,"21":2,"22":1,"23":1,"24":1,"26":1,"27":1,"28":1,"29":1,"30":1},"branchMap":{"0":{"type":"branch","line":17,"loc":{"start":{"line":17,"column":7},"end":{"line":31,"column":1}},"locations":[{"start":{"line":17,"column":7},"end":{"line":31,"column":1}}]},"1":{"type":"branch","line":22,"loc":{"start":{"line":22,"column":15},"end":{"line":31,"column":1}},"locations":[{"start":{"line":22,"column":15},"end":{"line":31,"column":1}}]},"2":{"type":"branch","line":24,"loc":{"start":{"line":24,"column":37},"end":{"line":24,"column":75}},"locations":[{"start":{"line":24,"column":37},"end":{"line":24,"column":75}}]}},"b":{"0":[2],"1":[1],"2":[0]},"fnMap":{"0":{"name":"generateRoboKassaUrl","decl":{"start":{"line":17,"column":7},"end":{"line":31,"column":1}},"loc":{"start":{"line":17,"column":7},"end":{"line":31,"column":1}},"line":17}},"f":{"0":2}}
}
