{"C:\\Users\\i.azelkhanov\\Documents\\inkmax\\src\\services\\admin.ts": {"path":"C:\\Users\\i.azelkhanov\\Documents\\inkmax\\src\\services\\admin.ts","all":false,"statementMap":{"0":{"start":{"line":1,"column":0},"end":{"line":1,"column":54}},"1":{"start":{"line":2,"column":0},"end":{"line":2,"column":74}},"58":{"start":{"line":59,"column":0},"end":{"line":59,"column":16}},"59":{"start":{"line":60,"column":0},"end":{"line":60,"column":21}},"60":{"start":{"line":61,"column":0},"end":{"line":61,"column":21}},"61":{"start":{"line":62,"column":0},"end":{"line":62,"column":21}},"62":{"start":{"line":63,"column":0},"end":{"line":63,"column":22}},"63":{"start":{"line":64,"column":0},"end":{"line":64,"column":22}},"64":{"start":{"line":65,"column":0},"end":{"line":65,"column":23}},"65":{"start":{"line":66,"column":0},"end":{"line":66,"column":21}},"66":{"start":{"line":67,"column":0},"end":{"line":67,"column":19}},"67":{"start":{"line":68,"column":0},"end":{"line":68,"column":2}},"69":{"start":{"line":70,"column":0},"end":{"line":70,"column":29}},"70":{"start":{"line":71,"column":0},"end":{"line":71,"column":65}},"71":{"start":{"line":72,"column":0},"end":{"line":72,"column":52}},"73":{"start":{"line":74,"column":0},"end":{"line":74,"column":15}},"74":{"start":{"line":75,"column":0},"end":{"line":75,"column":32}},"75":{"start":{"line":76,"column":0},"end":{"line":76,"column":32}},"76":{"start":{"line":77,"column":0},"end":{"line":77,"column":36}},"77":{"start":{"line":78,"column":0},"end":{"line":78,"column":33}},"78":{"start":{"line":79,"column":0},"end":{"line":79,"column":38}},"79":{"start":{"line":80,"column":0},"end":{"line":80,"column":33}},"80":{"start":{"line":81,"column":0},"end":{"line":81,"column":31}},"81":{"start":{"line":82,"column":0},"end":{"line":82,"column":107}},"82":{"start":{"line":83,"column":0},"end":{"line":83,"column":99}},"83":{"start":{"line":84,"column":0},"end":{"line":84,"column":115}},"84":{"start":{"line":85,"column":0},"end":{"line":85,"column":100}},"85":{"start":{"line":86,"column":0},"end":{"line":86,"column":105}},"86":{"start":{"line":87,"column":0},"end":{"line":87,"column":107}},"87":{"start":{"line":88,"column":0},"end":{"line":88,"column":11}},"89":{"start":{"line":90,"column":0},"end":{"line":90,"column":83}},"91":{"start":{"line":92,"column":0},"end":{"line":92,"column":37}},"92":{"start":{"line":93,"column":0},"end":{"line":93,"column":45}},"93":{"start":{"line":94,"column":0},"end":{"line":94,"column":46}},"94":{"start":{"line":95,"column":0},"end":{"line":95,"column":49}},"96":{"start":{"line":97,"column":0},"end":{"line":97,"column":49}},"98":{"start":{"line":99,"column":0},"end":{"line":99,"column":76}},"99":{"start":{"line":100,"column":0},"end":{"line":100,"column":46}},"100":{"start":{"line":101,"column":0},"end":{"line":101,"column":55}},"101":{"start":{"line":102,"column":0},"end":{"line":102,"column":66}},"102":{"start":{"line":103,"column":0},"end":{"line":103,"column":55}},"103":{"start":{"line":104,"column":0},"end":{"line":104,"column":31}},"105":{"start":{"line":106,"column":0},"end":{"line":106,"column":58}},"106":{"start":{"line":107,"column":0},"end":{"line":107,"column":48}},"107":{"start":{"line":108,"column":0},"end":{"line":108,"column":49}},"108":{"start":{"line":109,"column":0},"end":{"line":109,"column":51}},"109":{"start":{"line":110,"column":0},"end":{"line":110,"column":21}},"111":{"start":{"line":112,"column":0},"end":{"line":112,"column":20}},"112":{"start":{"line":113,"column":0},"end":{"line":113,"column":30}},"113":{"start":{"line":114,"column":0},"end":{"line":114,"column":46}},"114":{"start":{"line":115,"column":0},"end":{"line":115,"column":46}},"115":{"start":{"line":116,"column":0},"end":{"line":116,"column":77}},"116":{"start":{"line":117,"column":0},"end":{"line":117,"column":79}},"117":{"start":{"line":118,"column":0},"end":{"line":118,"column":79}},"118":{"start":{"line":119,"column":0},"end":{"line":119,"column":48}},"119":{"start":{"line":120,"column":0},"end":{"line":120,"column":58}},"120":{"start":{"line":121,"column":0},"end":{"line":121,"column":49}},"121":{"start":{"line":122,"column":0},"end":{"line":122,"column":14}},"122":{"start":{"line":123,"column":0},"end":{"line":123,"column":11}},"123":{"start":{"line":124,"column":0},"end":{"line":124,"column":6}},"125":{"start":{"line":126,"column":0},"end":{"line":126,"column":67}},"126":{"start":{"line":127,"column":0},"end":{"line":127,"column":45}},"128":{"start":{"line":129,"column":0},"end":{"line":129,"column":15}},"129":{"start":{"line":130,"column":0},"end":{"line":130,"column":36}},"130":{"start":{"line":131,"column":0},"end":{"line":131,"column":34}},"131":{"start":{"line":132,"column":0},"end":{"line":132,"column":33}},"132":{"start":{"line":133,"column":0},"end":{"line":133,"column":31}},"133":{"start":{"line":134,"column":0},"end":{"line":134,"column":110}},"134":{"start":{"line":135,"column":0},"end":{"line":135,"column":136}},"135":{"start":{"line":136,"column":0},"end":{"line":136,"column":86}},"136":{"start":{"line":137,"column":0},"end":{"line":137,"column":11}},"138":{"start":{"line":139,"column":0},"end":{"line":139,"column":86}},"140":{"start":{"line":141,"column":0},"end":{"line":141,"column":16}},"141":{"start":{"line":142,"column":0},"end":{"line":142,"column":81}},"142":{"start":{"line":143,"column":0},"end":{"line":143,"column":75}},"143":{"start":{"line":144,"column":0},"end":{"line":144,"column":79}},"144":{"start":{"line":145,"column":0},"end":{"line":145,"column":10}},"145":{"start":{"line":146,"column":0},"end":{"line":146,"column":6}},"147":{"start":{"line":148,"column":0},"end":{"line":148,"column":66}},"148":{"start":{"line":149,"column":0},"end":{"line":149,"column":79}},"150":{"start":{"line":151,"column":0},"end":{"line":151,"column":55}},"151":{"start":{"line":152,"column":0},"end":{"line":152,"column":28}},"152":{"start":{"line":153,"column":0},"end":{"line":153,"column":41}},"153":{"start":{"line":154,"column":0},"end":{"line":154,"column":62}},"154":{"start":{"line":155,"column":0},"end":{"line":155,"column":13}},"155":{"start":{"line":156,"column":0},"end":{"line":156,"column":11}},"157":{"start":{"line":158,"column":0},"end":{"line":158,"column":16}},"158":{"start":{"line":159,"column":0},"end":{"line":159,"column":71}},"159":{"start":{"line":160,"column":0},"end":{"line":160,"column":74}},"160":{"start":{"line":161,"column":0},"end":{"line":161,"column":73}},"161":{"start":{"line":162,"column":0},"end":{"line":162,"column":10}},"162":{"start":{"line":163,"column":0},"end":{"line":163,"column":6}},"164":{"start":{"line":165,"column":0},"end":{"line":165,"column":85}},"165":{"start":{"line":166,"column":0},"end":{"line":166,"column":39}},"166":{"start":{"line":167,"column":0},"end":{"line":167,"column":34}},"167":{"start":{"line":168,"column":0},"end":{"line":168,"column":33}},"168":{"start":{"line":169,"column":0},"end":{"line":169,"column":54}},"170":{"start":{"line":171,"column":0},"end":{"line":171,"column":50}},"172":{"start":{"line":173,"column":0},"end":{"line":173,"column":50}},"173":{"start":{"line":174,"column":0},"end":{"line":174,"column":27}},"175":{"start":{"line":176,"column":0},"end":{"line":176,"column":27}},"176":{"start":{"line":177,"column":0},"end":{"line":177,"column":38}},"177":{"start":{"line":178,"column":0},"end":{"line":178,"column":68}},"178":{"start":{"line":179,"column":0},"end":{"line":179,"column":25}},"179":{"start":{"line":180,"column":0},"end":{"line":180,"column":45}},"180":{"start":{"line":181,"column":0},"end":{"line":181,"column":11}},"182":{"start":{"line":183,"column":0},"end":{"line":183,"column":54}},"183":{"start":{"line":184,"column":0},"end":{"line":184,"column":78}},"184":{"start":{"line":185,"column":0},"end":{"line":185,"column":6}},"186":{"start":{"line":187,"column":0},"end":{"line":187,"column":57}},"187":{"start":{"line":188,"column":0},"end":{"line":188,"column":15}},"188":{"start":{"line":189,"column":0},"end":{"line":189,"column":36}},"189":{"start":{"line":190,"column":0},"end":{"line":190,"column":39}},"190":{"start":{"line":191,"column":0},"end":{"line":191,"column":36}},"191":{"start":{"line":192,"column":0},"end":{"line":192,"column":39}},"192":{"start":{"line":193,"column":0},"end":{"line":193,"column":33}},"193":{"start":{"line":194,"column":0},"end":{"line":194,"column":31}},"194":{"start":{"line":195,"column":0},"end":{"line":195,"column":85}},"195":{"start":{"line":196,"column":0},"end":{"line":196,"column":110}},"196":{"start":{"line":197,"column":0},"end":{"line":197,"column":88}},"197":{"start":{"line":198,"column":0},"end":{"line":198,"column":113}},"198":{"start":{"line":199,"column":0},"end":{"line":199,"column":78}},"199":{"start":{"line":200,"column":0},"end":{"line":200,"column":11}},"201":{"start":{"line":202,"column":0},"end":{"line":202,"column":16}},"202":{"start":{"line":203,"column":0},"end":{"line":203,"column":90}},"203":{"start":{"line":204,"column":0},"end":{"line":204,"column":90}},"204":{"start":{"line":205,"column":0},"end":{"line":205,"column":80}},"205":{"start":{"line":206,"column":0},"end":{"line":206,"column":10}},"206":{"start":{"line":207,"column":0},"end":{"line":207,"column":6}},"208":{"start":{"line":209,"column":0},"end":{"line":209,"column":73}},"209":{"start":{"line":210,"column":0},"end":{"line":210,"column":70}},"211":{"start":{"line":212,"column":0},"end":{"line":212,"column":54}},"212":{"start":{"line":213,"column":0},"end":{"line":213,"column":32}},"213":{"start":{"line":214,"column":0},"end":{"line":214,"column":71}},"214":{"start":{"line":215,"column":0},"end":{"line":215,"column":11}},"216":{"start":{"line":217,"column":0},"end":{"line":217,"column":30}},"217":{"start":{"line":218,"column":0},"end":{"line":218,"column":66}},"218":{"start":{"line":219,"column":0},"end":{"line":219,"column":65}},"219":{"start":{"line":220,"column":0},"end":{"line":220,"column":10}},"221":{"start":{"line":222,"column":0},"end":{"line":222,"column":41}},"222":{"start":{"line":223,"column":0},"end":{"line":223,"column":40}},"223":{"start":{"line":224,"column":0},"end":{"line":224,"column":28}},"224":{"start":{"line":225,"column":0},"end":{"line":225,"column":45}},"225":{"start":{"line":226,"column":0},"end":{"line":226,"column":67}},"226":{"start":{"line":227,"column":0},"end":{"line":227,"column":22}},"227":{"start":{"line":228,"column":0},"end":{"line":228,"column":64}},"228":{"start":{"line":229,"column":0},"end":{"line":229,"column":16}},"229":{"start":{"line":230,"column":0},"end":{"line":230,"column":6}},"231":{"start":{"line":232,"column":0},"end":{"line":232,"column":20}},"232":{"start":{"line":233,"column":0},"end":{"line":233,"column":45}},"233":{"start":{"line":234,"column":0},"end":{"line":234,"column":46}},"234":{"start":{"line":235,"column":0},"end":{"line":235,"column":29}},"235":{"start":{"line":236,"column":0},"end":{"line":236,"column":24}},"236":{"start":{"line":237,"column":0},"end":{"line":237,"column":54}},"238":{"start":{"line":239,"column":0},"end":{"line":239,"column":31}},"239":{"start":{"line":240,"column":0},"end":{"line":240,"column":41}},"240":{"start":{"line":241,"column":0},"end":{"line":241,"column":6}},"242":{"start":{"line":243,"column":0},"end":{"line":243,"column":63}},"243":{"start":{"line":244,"column":0},"end":{"line":244,"column":73}},"244":{"start":{"line":245,"column":0},"end":{"line":245,"column":31}},"245":{"start":{"line":246,"column":0},"end":{"line":246,"column":6}},"247":{"start":{"line":248,"column":0},"end":{"line":248,"column":75}},"248":{"start":{"line":249,"column":0},"end":{"line":249,"column":84}},"249":{"start":{"line":250,"column":0},"end":{"line":250,"column":31}},"250":{"start":{"line":251,"column":0},"end":{"line":251,"column":6}},"252":{"start":{"line":253,"column":0},"end":{"line":253,"column":52}},"253":{"start":{"line":254,"column":0},"end":{"line":254,"column":80}},"254":{"start":{"line":255,"column":0},"end":{"line":255,"column":31}},"255":{"start":{"line":256,"column":0},"end":{"line":256,"column":5}},"256":{"start":{"line":257,"column":0},"end":{"line":257,"column":2}}},"s":{"0":1,"1":1,"58":1,"59":1,"60":1,"61":1,"62":1,"63":1,"64":1,"65":1,"66":1,"67":1,"69":1,"70":1,"71":1,"73":1,"74":1,"75":1,"76":1,"77":1,"78":1,"79":1,"80":1,"81":1,"82":1,"83":1,"84":1,"85":1,"86":1,"87":1,"89":1,"91":1,"92":2,"93":2,"94":2,"96":2,"98":2,"99":10,"100":10,"101":10,"102":10,"103":10,"105":2,"106":2,"107":2,"108":2,"109":2,"111":2,"112":2,"113":2,"114":2,"115":2,"116":2,"117":2,"118":2,"119":2,"120":2,"121":2,"122":2,"123":1,"125":1,"126":1,"128":1,"129":1,"130":1,"131":1,"132":1,"133":1,"134":1,"135":1,"136":1,"138":1,"140":1,"141":1,"142":1,"143":1,"144":1,"145":1,"147":1,"148":1,"150":1,"151":1,"152":1,"153":1,"154":1,"155":1,"157":1,"158":1,"159":1,"160":1,"161":1,"162":1,"164":1,"165":1,"166":1,"167":1,"168":1,"170":1,"172":1,"173":1,"175":1,"176":1,"177":1,"178":1,"179":1,"180":1,"182":1,"183":1,"184":1,"186":1,"187":1,"188":1,"189":1,"190":1,"191":1,"192":1,"193":1,"194":1,"195":1,"196":1,"197":1,"198":1,"199":1,"201":1,"202":1,"203":1,"204":1,"205":1,"206":1,"208":1,"209":1,"211":1,"212":1,"213":2,"214":2,"216":1,"217":1,"218":1,"219":1,"221":1,"222":1,"223":1,"224":1,"225":2,"226":2,"227":2,"228":2,"229":1,"231":1,"232":1,"233":1,"234":1,"235":1,"236":1,"238":1,"239":1,"240":1,"242":1,"243":1,"244":1,"245":1,"247":1,"248":1,"249":1,"250":1,"252":1,"253":1,"254":1,"255":1,"256":1},"branchMap":{"0":{"type":"branch","line":71,"loc":{"start":{"line":71,"column":4},"end":{"line":124,"column":6}},"locations":[{"start":{"line":71,"column":4},"end":{"line":124,"column":6}}]},"1":{"type":"branch","line":92,"loc":{"start":{"line":92,"column":29},"end":{"line":123,"column":11}},"locations":[{"start":{"line":92,"column":29},"end":{"line":123,"column":11}}]},"2":{"type":"branch","line":110,"loc":{"start":{"line":110,"column":12},"end":{"line":110,"column":20}},"locations":[{"start":{"line":110,"column":12},"end":{"line":110,"column":20}}]},"3":{"type":"branch","line":99,"loc":{"start":{"line":99,"column":32},"end":{"line":104,"column":31}},"locations":[{"start":{"line":99,"column":32},"end":{"line":104,"column":31}}]},"4":{"type":"branch","line":100,"loc":{"start":{"line":100,"column":17},"end":{"line":100,"column":27}},"locations":[{"start":{"line":100,"column":17},"end":{"line":100,"column":27}}]},"5":{"type":"branch","line":104,"loc":{"start":{"line":104,"column":25},"end":{"line":104,"column":31}},"locations":[{"start":{"line":104,"column":25},"end":{"line":104,"column":31}}]},"6":{"type":"branch","line":100,"loc":{"start":{"line":100,"column":37},"end":{"line":104,"column":19}},"locations":[{"start":{"line":100,"column":37},"end":{"line":104,"column":19}}]},"7":{"type":"branch","line":101,"loc":{"start":{"line":101,"column":42},"end":{"line":101,"column":55}},"locations":[{"start":{"line":101,"column":42},"end":{"line":101,"column":55}}]},"8":{"type":"branch","line":106,"loc":{"start":{"line":106,"column":52},"end":{"line":110,"column":18}},"locations":[{"start":{"line":106,"column":52},"end":{"line":110,"column":18}}]},"9":{"type":"branch","line":107,"loc":{"start":{"line":107,"column":35},"end":{"line":107,"column":48}},"locations":[{"start":{"line":107,"column":35},"end":{"line":107,"column":48}}]},"10":{"type":"branch","line":116,"loc":{"start":{"line":116,"column":40},"end":{"line":116,"column":70}},"locations":[{"start":{"line":116,"column":40},"end":{"line":116,"column":70}}]},"11":{"type":"branch","line":117,"loc":{"start":{"line":117,"column":41},"end":{"line":117,"column":72}},"locations":[{"start":{"line":117,"column":41},"end":{"line":117,"column":72}}]},"12":{"type":"branch","line":118,"loc":{"start":{"line":118,"column":41},"end":{"line":118,"column":72}},"locations":[{"start":{"line":118,"column":41},"end":{"line":118,"column":72}}]},"13":{"type":"branch","line":126,"loc":{"start":{"line":126,"column":4},"end":{"line":146,"column":6}},"locations":[{"start":{"line":126,"column":4},"end":{"line":146,"column":6}}]},"14":{"type":"branch","line":139,"loc":{"start":{"line":139,"column":69},"end":{"line":139,"column":86}},"locations":[{"start":{"line":139,"column":69},"end":{"line":139,"column":86}}]},"15":{"type":"branch","line":143,"loc":{"start":{"line":143,"column":36},"end":{"line":143,"column":53}},"locations":[{"start":{"line":143,"column":36},"end":{"line":143,"column":53}}]},"16":{"type":"branch","line":148,"loc":{"start":{"line":148,"column":4},"end":{"line":163,"column":6}},"locations":[{"start":{"line":148,"column":4},"end":{"line":163,"column":6}}]},"17":{"type":"branch","line":152,"loc":{"start":{"line":152,"column":22},"end":{"line":156,"column":11}},"locations":[{"start":{"line":152,"column":22},"end":{"line":156,"column":11}}]},"18":{"type":"branch","line":165,"loc":{"start":{"line":165,"column":4},"end":{"line":185,"column":6}},"locations":[{"start":{"line":165,"column":4},"end":{"line":185,"column":6}}]},"19":{"type":"branch","line":171,"loc":{"start":{"line":171,"column":40},"end":{"line":171,"column":50}},"locations":[{"start":{"line":171,"column":40},"end":{"line":171,"column":50}}]},"20":{"type":"branch","line":176,"loc":{"start":{"line":176,"column":21},"end":{"line":181,"column":11}},"locations":[{"start":{"line":176,"column":21},"end":{"line":181,"column":11}}]},"21":{"type":"branch","line":177,"loc":{"start":{"line":177,"column":31},"end":{"line":177,"column":38}},"locations":[{"start":{"line":177,"column":31},"end":{"line":177,"column":38}}]},"22":{"type":"branch","line":184,"loc":{"start":{"line":184,"column":40},"end":{"line":184,"column":78}},"locations":[{"start":{"line":184,"column":40},"end":{"line":184,"column":78}}]},"23":{"type":"branch","line":187,"loc":{"start":{"line":187,"column":4},"end":{"line":207,"column":6}},"locations":[{"start":{"line":187,"column":4},"end":{"line":207,"column":6}}]},"24":{"type":"branch","line":203,"loc":{"start":{"line":203,"column":67},"end":{"line":203,"column":88}},"locations":[{"start":{"line":203,"column":67},"end":{"line":203,"column":88}}]},"25":{"type":"branch","line":204,"loc":{"start":{"line":204,"column":67},"end":{"line":204,"column":88}},"locations":[{"start":{"line":204,"column":67},"end":{"line":204,"column":88}}]},"26":{"type":"branch","line":209,"loc":{"start":{"line":209,"column":4},"end":{"line":230,"column":6}},"locations":[{"start":{"line":209,"column":4},"end":{"line":230,"column":6}}]},"27":{"type":"branch","line":213,"loc":{"start":{"line":213,"column":22},"end":{"line":215,"column":11}},"locations":[{"start":{"line":213,"column":22},"end":{"line":215,"column":11}}]},"28":{"type":"branch","line":223,"loc":{"start":{"line":223,"column":18},"end":{"line":223,"column":39}},"locations":[{"start":{"line":223,"column":18},"end":{"line":223,"column":39}}]},"29":{"type":"branch","line":225,"loc":{"start":{"line":225,"column":17},"end":{"line":229,"column":16}},"locations":[{"start":{"line":225,"column":17},"end":{"line":229,"column":16}}]},"30":{"type":"branch","line":233,"loc":{"start":{"line":233,"column":4},"end":{"line":241,"column":6}},"locations":[{"start":{"line":233,"column":4},"end":{"line":241,"column":6}}]},"31":{"type":"branch","line":239,"loc":{"start":{"line":239,"column":19},"end":{"line":239,"column":31}},"locations":[{"start":{"line":239,"column":19},"end":{"line":239,"column":31}}]},"32":{"type":"branch","line":240,"loc":{"start":{"line":240,"column":16},"end":{"line":240,"column":26}},"locations":[{"start":{"line":240,"column":16},"end":{"line":240,"column":26}}]},"33":{"type":"branch","line":243,"loc":{"start":{"line":243,"column":4},"end":{"line":246,"column":6}},"locations":[{"start":{"line":243,"column":4},"end":{"line":246,"column":6}}]},"34":{"type":"branch","line":245,"loc":{"start":{"line":245,"column":19},"end":{"line":245,"column":31}},"locations":[{"start":{"line":245,"column":19},"end":{"line":245,"column":31}}]},"35":{"type":"branch","line":248,"loc":{"start":{"line":248,"column":4},"end":{"line":251,"column":6}},"locations":[{"start":{"line":248,"column":4},"end":{"line":251,"column":6}}]},"36":{"type":"branch","line":250,"loc":{"start":{"line":250,"column":19},"end":{"line":250,"column":31}},"locations":[{"start":{"line":250,"column":19},"end":{"line":250,"column":31}}]},"37":{"type":"branch","line":253,"loc":{"start":{"line":253,"column":4},"end":{"line":256,"column":5}},"locations":[{"start":{"line":253,"column":4},"end":{"line":256,"column":5}}]},"38":{"type":"branch","line":255,"loc":{"start":{"line":255,"column":19},"end":{"line":255,"column":31}},"locations":[{"start":{"line":255,"column":19},"end":{"line":255,"column":31}}]}},"b":{"0":[1],"1":[2],"2":[0],"3":[10],"4":[0],"5":[5],"6":[10],"7":[0],"8":[2],"9":[0],"10":[1],"11":[1],"12":[1],"13":[1],"14":[0],"15":[0],"16":[1],"17":[1],"18":[1],"19":[0],"20":[1],"21":[0],"22":[1],"23":[1],"24":[0],"25":[0],"26":[1],"27":[2],"28":[1],"29":[2],"30":[1],"31":[0],"32":[0],"33":[1],"34":[0],"35":[1],"36":[0],"37":[1],"38":[0]},"fnMap":{"0":{"name":"getDailyGrowth","decl":{"start":{"line":71,"column":4},"end":{"line":124,"column":6}},"loc":{"start":{"line":71,"column":4},"end":{"line":124,"column":6}},"line":71},"1":{"name":"filterByDay","decl":{"start":{"line":99,"column":32},"end":{"line":104,"column":31}},"loc":{"start":{"line":99,"column":32},"end":{"line":104,"column":31}},"line":99},"2":{"name":"getUserStatusDistribution","decl":{"start":{"line":126,"column":4},"end":{"line":146,"column":6}},"loc":{"start":{"line":126,"column":4},"end":{"line":146,"column":6}},"line":126},"3":{"name":"getEventDistribution","decl":{"start":{"line":148,"column":4},"end":{"line":163,"column":6}},"loc":{"start":{"line":148,"column":4},"end":{"line":163,"column":6}},"line":148},"4":{"name":"getCumulativeUsers","decl":{"start":{"line":165,"column":4},"end":{"line":185,"column":6}},"loc":{"start":{"line":165,"column":4},"end":{"line":185,"column":6}},"line":165},"5":{"name":"getSocialStats","decl":{"start":{"line":187,"column":4},"end":{"line":207,"column":6}},"loc":{"start":{"line":187,"column":4},"end":{"line":207,"column":6}},"line":187},"6":{"name":"getBlockTypeStats","decl":{"start":{"line":209,"column":4},"end":{"line":230,"column":6}},"loc":{"start":{"line":209,"column":4},"end":{"line":230,"column":6}},"line":209},"7":{"name":"getPartners","decl":{"start":{"line":233,"column":4},"end":{"line":241,"column":6}},"loc":{"start":{"line":233,"column":4},"end":{"line":241,"column":6}},"line":233},"8":{"name":"createPartner","decl":{"start":{"line":243,"column":4},"end":{"line":246,"column":6}},"loc":{"start":{"line":243,"column":4},"end":{"line":246,"column":6}},"line":243},"9":{"name":"updatePartner","decl":{"start":{"line":248,"column":4},"end":{"line":251,"column":6}},"loc":{"start":{"line":248,"column":4},"end":{"line":251,"column":6}},"line":248},"10":{"name":"deletePartner","decl":{"start":{"line":253,"column":4},"end":{"line":256,"column":5}},"loc":{"start":{"line":253,"column":4},"end":{"line":256,"column":5}},"line":253}},"f":{"0":1,"1":10,"2":1,"3":1,"4":1,"5":1,"6":1,"7":1,"8":1,"9":1,"10":1}}
,"C:\\Users\\i.azelkhanov\\Documents\\inkmax\\src\\services\\fintech.ts": {"path":"C:\\Users\\i.azelkhanov\\Documents\\inkmax\\src\\services\\fintech.ts","all":false,"statementMap":{"0":{"start":{"line":1,"column":0},"end":{"line":1,"column":54}},"1":{"start":{"line":2,"column":0},"end":{"line":2,"column":44}},"3":{"start":{"line":4,"column":0},"end":{"line":4,"column":81}},"43":{"start":{"line":44,"column":0},"end":{"line":44,"column":40}},"44":{"start":{"line":45,"column":0},"end":{"line":45,"column":52}},"45":{"start":{"line":46,"column":0},"end":{"line":46,"column":20}},"46":{"start":{"line":47,"column":0},"end":{"line":47,"column":18}},"47":{"start":{"line":48,"column":0},"end":{"line":48,"column":14}},"48":{"start":{"line":49,"column":0},"end":{"line":49,"column":19}},"49":{"start":{"line":50,"column":0},"end":{"line":50,"column":11}},"51":{"start":{"line":52,"column":0},"end":{"line":52,"column":45}},"53":{"start":{"line":54,"column":0},"end":{"line":54,"column":3}},"55":{"start":{"line":56,"column":0},"end":{"line":56,"column":3}},"56":{"start":{"line":57,"column":0},"end":{"line":57,"column":78}},"57":{"start":{"line":58,"column":0},"end":{"line":58,"column":9}},"58":{"start":{"line":59,"column":0},"end":{"line":59,"column":46}},"59":{"start":{"line":60,"column":0},"end":{"line":60,"column":34}},"60":{"start":{"line":61,"column":0},"end":{"line":61,"column":47}},"61":{"start":{"line":62,"column":0},"end":{"line":62,"column":29}},"62":{"start":{"line":63,"column":0},"end":{"line":63,"column":22}},"64":{"start":{"line":65,"column":0},"end":{"line":65,"column":29}},"65":{"start":{"line":66,"column":0},"end":{"line":66,"column":37}},"66":{"start":{"line":67,"column":0},"end":{"line":67,"column":9}},"68":{"start":{"line":69,"column":0},"end":{"line":69,"column":97}},"69":{"start":{"line":70,"column":0},"end":{"line":70,"column":43}},"70":{"start":{"line":71,"column":0},"end":{"line":71,"column":13}},"71":{"start":{"line":72,"column":0},"end":{"line":72,"column":33}},"72":{"start":{"line":73,"column":0},"end":{"line":73,"column":5}},"73":{"start":{"line":74,"column":0},"end":{"line":74,"column":1}},"75":{"start":{"line":76,"column":0},"end":{"line":76,"column":3}},"78":{"start":{"line":79,"column":0},"end":{"line":79,"column":3}},"79":{"start":{"line":80,"column":0},"end":{"line":80,"column":31}},"80":{"start":{"line":81,"column":0},"end":{"line":81,"column":39}},"87":{"start":{"line":88,"column":0},"end":{"line":88,"column":8}},"88":{"start":{"line":89,"column":0},"end":{"line":89,"column":13}},"89":{"start":{"line":90,"column":0},"end":{"line":90,"column":63}},"90":{"start":{"line":91,"column":0},"end":{"line":91,"column":78}},"92":{"start":{"line":93,"column":0},"end":{"line":93,"column":60}},"93":{"start":{"line":94,"column":0},"end":{"line":94,"column":46}},"94":{"start":{"line":95,"column":0},"end":{"line":95,"column":80}},"95":{"start":{"line":96,"column":0},"end":{"line":96,"column":54}},"97":{"start":{"line":98,"column":0},"end":{"line":98,"column":71}},"98":{"start":{"line":99,"column":0},"end":{"line":99,"column":37}},"99":{"start":{"line":100,"column":0},"end":{"line":100,"column":29}},"100":{"start":{"line":101,"column":0},"end":{"line":101,"column":45}},"101":{"start":{"line":102,"column":0},"end":{"line":102,"column":26}},"103":{"start":{"line":104,"column":0},"end":{"line":104,"column":41}},"104":{"start":{"line":105,"column":0},"end":{"line":105,"column":71}},"105":{"start":{"line":106,"column":0},"end":{"line":106,"column":52}},"106":{"start":{"line":107,"column":0},"end":{"line":107,"column":13}},"108":{"start":{"line":109,"column":0},"end":{"line":109,"column":65}},"109":{"start":{"line":110,"column":0},"end":{"line":110,"column":69}},"110":{"start":{"line":111,"column":0},"end":{"line":111,"column":122}},"111":{"start":{"line":112,"column":0},"end":{"line":112,"column":44}},"112":{"start":{"line":113,"column":0},"end":{"line":113,"column":25}},"113":{"start":{"line":114,"column":0},"end":{"line":114,"column":41}},"114":{"start":{"line":115,"column":0},"end":{"line":115,"column":43}},"115":{"start":{"line":116,"column":0},"end":{"line":116,"column":46}},"116":{"start":{"line":117,"column":0},"end":{"line":117,"column":42}},"117":{"start":{"line":118,"column":0},"end":{"line":118,"column":42}},"118":{"start":{"line":119,"column":0},"end":{"line":119,"column":36}},"119":{"start":{"line":120,"column":0},"end":{"line":120,"column":38}},"120":{"start":{"line":121,"column":0},"end":{"line":121,"column":52}},"121":{"start":{"line":122,"column":0},"end":{"line":122,"column":62}},"122":{"start":{"line":123,"column":0},"end":{"line":123,"column":66}},"123":{"start":{"line":124,"column":0},"end":{"line":124,"column":61}},"124":{"start":{"line":125,"column":0},"end":{"line":125,"column":18}},"125":{"start":{"line":126,"column":0},"end":{"line":126,"column":25}},"126":{"start":{"line":127,"column":0},"end":{"line":127,"column":26}},"128":{"start":{"line":129,"column":0},"end":{"line":129,"column":26}},"129":{"start":{"line":130,"column":0},"end":{"line":130,"column":71}},"130":{"start":{"line":131,"column":0},"end":{"line":131,"column":78}},"131":{"start":{"line":132,"column":0},"end":{"line":132,"column":139}},"132":{"start":{"line":133,"column":0},"end":{"line":133,"column":32}},"133":{"start":{"line":134,"column":0},"end":{"line":134,"column":17}},"134":{"start":{"line":135,"column":0},"end":{"line":135,"column":30}},"135":{"start":{"line":136,"column":0},"end":{"line":136,"column":13}},"137":{"start":{"line":138,"column":0},"end":{"line":138,"column":52}},"138":{"start":{"line":139,"column":0},"end":{"line":139,"column":23}},"139":{"start":{"line":140,"column":0},"end":{"line":140,"column":65}},"140":{"start":{"line":141,"column":0},"end":{"line":141,"column":22}},"141":{"start":{"line":142,"column":0},"end":{"line":142,"column":9}},"142":{"start":{"line":143,"column":0},"end":{"line":143,"column":6}},"144":{"start":{"line":145,"column":0},"end":{"line":145,"column":70}},"145":{"start":{"line":146,"column":0},"end":{"line":146,"column":13}},"146":{"start":{"line":147,"column":0},"end":{"line":147,"column":71}},"147":{"start":{"line":148,"column":0},"end":{"line":148,"column":37}},"148":{"start":{"line":149,"column":0},"end":{"line":149,"column":28}},"149":{"start":{"line":150,"column":0},"end":{"line":150,"column":38}},"150":{"start":{"line":151,"column":0},"end":{"line":151,"column":31}},"152":{"start":{"line":153,"column":0},"end":{"line":153,"column":30}},"153":{"start":{"line":154,"column":0},"end":{"line":154,"column":86}},"154":{"start":{"line":155,"column":0},"end":{"line":155,"column":77}},"155":{"start":{"line":156,"column":0},"end":{"line":156,"column":17}},"156":{"start":{"line":157,"column":0},"end":{"line":157,"column":34}},"157":{"start":{"line":158,"column":0},"end":{"line":158,"column":13}},"159":{"start":{"line":160,"column":0},"end":{"line":160,"column":123}},"160":{"start":{"line":161,"column":0},"end":{"line":161,"column":44}},"161":{"start":{"line":162,"column":0},"end":{"line":162,"column":28}},"162":{"start":{"line":163,"column":0},"end":{"line":163,"column":38}},"163":{"start":{"line":164,"column":0},"end":{"line":164,"column":58}},"164":{"start":{"line":165,"column":0},"end":{"line":165,"column":27}},"166":{"start":{"line":167,"column":0},"end":{"line":167,"column":26}},"167":{"start":{"line":168,"column":0},"end":{"line":168,"column":78}},"168":{"start":{"line":169,"column":0},"end":{"line":169,"column":28}},"169":{"start":{"line":170,"column":0},"end":{"line":170,"column":31}},"170":{"start":{"line":171,"column":0},"end":{"line":171,"column":41}},"171":{"start":{"line":172,"column":0},"end":{"line":172,"column":38}},"172":{"start":{"line":173,"column":0},"end":{"line":173,"column":22}},"173":{"start":{"line":174,"column":0},"end":{"line":174,"column":17}},"174":{"start":{"line":175,"column":0},"end":{"line":175,"column":30}},"175":{"start":{"line":176,"column":0},"end":{"line":176,"column":13}},"177":{"start":{"line":178,"column":0},"end":{"line":178,"column":127}},"178":{"start":{"line":179,"column":0},"end":{"line":179,"column":44}},"179":{"start":{"line":180,"column":0},"end":{"line":180,"column":51}},"180":{"start":{"line":181,"column":0},"end":{"line":181,"column":38}},"181":{"start":{"line":182,"column":0},"end":{"line":182,"column":38}},"182":{"start":{"line":183,"column":0},"end":{"line":183,"column":41}},"184":{"start":{"line":185,"column":0},"end":{"line":185,"column":31}},"185":{"start":{"line":186,"column":0},"end":{"line":186,"column":88}},"186":{"start":{"line":187,"column":0},"end":{"line":187,"column":28}},"187":{"start":{"line":188,"column":0},"end":{"line":188,"column":31}},"188":{"start":{"line":189,"column":0},"end":{"line":189,"column":82}},"189":{"start":{"line":190,"column":0},"end":{"line":190,"column":38}},"190":{"start":{"line":191,"column":0},"end":{"line":191,"column":22}},"191":{"start":{"line":192,"column":0},"end":{"line":192,"column":17}},"192":{"start":{"line":193,"column":0},"end":{"line":193,"column":35}},"193":{"start":{"line":194,"column":0},"end":{"line":194,"column":13}},"195":{"start":{"line":196,"column":0},"end":{"line":196,"column":157}},"197":{"start":{"line":198,"column":0},"end":{"line":198,"column":20}},"198":{"start":{"line":199,"column":0},"end":{"line":199,"column":23}},"199":{"start":{"line":200,"column":0},"end":{"line":200,"column":74}},"200":{"start":{"line":201,"column":0},"end":{"line":201,"column":26}},"201":{"start":{"line":202,"column":0},"end":{"line":202,"column":14}},"202":{"start":{"line":203,"column":0},"end":{"line":203,"column":23}},"203":{"start":{"line":204,"column":0},"end":{"line":204,"column":63}},"204":{"start":{"line":205,"column":0},"end":{"line":205,"column":22}},"205":{"start":{"line":206,"column":0},"end":{"line":206,"column":9}},"206":{"start":{"line":207,"column":0},"end":{"line":207,"column":6}},"208":{"start":{"line":209,"column":0},"end":{"line":209,"column":107}},"209":{"start":{"line":210,"column":0},"end":{"line":210,"column":57}},"211":{"start":{"line":212,"column":0},"end":{"line":212,"column":47}},"212":{"start":{"line":213,"column":0},"end":{"line":213,"column":33}},"213":{"start":{"line":214,"column":0},"end":{"line":214,"column":34}},"214":{"start":{"line":215,"column":0},"end":{"line":215,"column":34}},"215":{"start":{"line":216,"column":0},"end":{"line":216,"column":27}},"217":{"start":{"line":218,"column":0},"end":{"line":218,"column":49}},"218":{"start":{"line":219,"column":0},"end":{"line":219,"column":50}},"219":{"start":{"line":220,"column":0},"end":{"line":220,"column":9}},"221":{"start":{"line":222,"column":0},"end":{"line":222,"column":69}},"222":{"start":{"line":223,"column":0},"end":{"line":223,"column":38}},"223":{"start":{"line":224,"column":0},"end":{"line":224,"column":21}},"224":{"start":{"line":225,"column":0},"end":{"line":225,"column":32}},"225":{"start":{"line":226,"column":0},"end":{"line":226,"column":23}},"226":{"start":{"line":227,"column":0},"end":{"line":227,"column":44}},"227":{"start":{"line":228,"column":0},"end":{"line":228,"column":34}},"228":{"start":{"line":229,"column":0},"end":{"line":229,"column":40}},"229":{"start":{"line":230,"column":0},"end":{"line":230,"column":46}},"230":{"start":{"line":231,"column":0},"end":{"line":231,"column":47}},"231":{"start":{"line":232,"column":0},"end":{"line":232,"column":37}},"232":{"start":{"line":233,"column":0},"end":{"line":233,"column":33}},"233":{"start":{"line":234,"column":0},"end":{"line":234,"column":14}},"234":{"start":{"line":235,"column":0},"end":{"line":235,"column":21}},"235":{"start":{"line":236,"column":0},"end":{"line":236,"column":22}},"237":{"start":{"line":238,"column":0},"end":{"line":238,"column":45}},"239":{"start":{"line":240,"column":0},"end":{"line":240,"column":23}},"240":{"start":{"line":241,"column":0},"end":{"line":241,"column":5}},"241":{"start":{"line":242,"column":0},"end":{"line":242,"column":2}}},"s":{"0":1,"1":1,"3":1,"43":1,"44":1,"45":1,"46":1,"47":1,"48":1,"49":1,"51":1,"53":1,"55":1,"56":1,"57":4,"58":4,"59":4,"60":4,"61":4,"62":4,"64":4,"65":0,"66":0,"68":4,"69":4,"70":4,"71":0,"72":0,"73":4,"75":1,"78":1,"79":1,"80":1,"87":4,"88":4,"89":4,"90":4,"92":4,"93":4,"94":4,"95":4,"97":4,"98":4,"99":4,"100":4,"101":4,"103":4,"104":1,"105":1,"106":1,"108":3,"109":3,"110":3,"111":3,"112":3,"113":3,"114":3,"115":3,"116":3,"117":3,"118":3,"119":3,"120":3,"121":3,"122":3,"123":3,"124":4,"125":4,"126":4,"128":4,"129":1,"130":1,"131":1,"132":1,"133":1,"134":0,"135":0,"137":2,"138":4,"139":1,"140":1,"141":1,"142":4,"144":1,"145":1,"146":1,"147":1,"148":1,"149":1,"150":1,"152":1,"153":1,"154":1,"155":1,"156":0,"157":0,"159":0,"160":0,"161":0,"162":0,"163":0,"164":0,"166":0,"167":0,"168":0,"169":0,"170":0,"171":0,"172":0,"173":0,"174":0,"175":0,"177":0,"178":0,"179":0,"180":0,"181":0,"182":0,"184":0,"185":0,"186":0,"187":0,"188":0,"189":0,"190":0,"191":0,"192":0,"193":0,"195":1,"197":1,"198":1,"199":1,"200":1,"201":1,"202":1,"203":0,"204":0,"205":0,"206":1,"208":1,"209":2,"211":2,"212":2,"213":2,"214":2,"215":2,"217":2,"218":1,"219":1,"221":1,"222":1,"223":1,"224":1,"225":1,"226":1,"227":1,"228":1,"229":2,"230":2,"231":2,"232":2,"233":2,"234":2,"235":2,"237":2,"239":1,"240":1,"241":1},"branchMap":{"0":{"type":"branch","line":57,"loc":{"start":{"line":57,"column":7},"end":{"line":74,"column":1}},"locations":[{"start":{"line":57,"column":7},"end":{"line":74,"column":1}}]},"1":{"type":"branch","line":65,"loc":{"start":{"line":65,"column":28},"end":{"line":67,"column":9}},"locations":[{"start":{"line":65,"column":28},"end":{"line":67,"column":9}}]},"2":{"type":"branch","line":69,"loc":{"start":{"line":69,"column":39},"end":{"line":69,"column":97}},"locations":[{"start":{"line":69,"column":39},"end":{"line":69,"column":97}}]},"3":{"type":"branch","line":71,"loc":{"start":{"line":71,"column":6},"end":{"line":73,"column":5}},"locations":[{"start":{"line":71,"column":6},"end":{"line":73,"column":5}}]},"4":{"type":"branch","line":81,"loc":{"start":{"line":81,"column":4},"end":{"line":143,"column":6}},"locations":[{"start":{"line":81,"column":4},"end":{"line":143,"column":6}}]},"5":{"type":"branch","line":104,"loc":{"start":{"line":104,"column":16},"end":{"line":104,"column":40}},"locations":[{"start":{"line":104,"column":16},"end":{"line":104,"column":40}}]},"6":{"type":"branch","line":104,"loc":{"start":{"line":104,"column":40},"end":{"line":107,"column":13}},"locations":[{"start":{"line":104,"column":40},"end":{"line":107,"column":13}}]},"7":{"type":"branch","line":107,"loc":{"start":{"line":107,"column":12},"end":{"line":124,"column":61}},"locations":[{"start":{"line":107,"column":12},"end":{"line":124,"column":61}}]},"8":{"type":"branch","line":127,"loc":{"start":{"line":127,"column":23},"end":{"line":129,"column":25}},"locations":[{"start":{"line":127,"column":23},"end":{"line":129,"column":25}}]},"9":{"type":"branch","line":129,"loc":{"start":{"line":129,"column":25},"end":{"line":136,"column":13}},"locations":[{"start":{"line":129,"column":25},"end":{"line":136,"column":13}}]},"10":{"type":"branch","line":131,"loc":{"start":{"line":131,"column":37},"end":{"line":131,"column":77}},"locations":[{"start":{"line":131,"column":37},"end":{"line":131,"column":77}}]},"11":{"type":"branch","line":134,"loc":{"start":{"line":134,"column":16},"end":{"line":136,"column":13}},"locations":[{"start":{"line":134,"column":16},"end":{"line":136,"column":13}}]},"12":{"type":"branch","line":136,"loc":{"start":{"line":136,"column":12},"end":{"line":139,"column":10}},"locations":[{"start":{"line":136,"column":12},"end":{"line":139,"column":10}}]},"13":{"type":"branch","line":139,"loc":{"start":{"line":139,"column":10},"end":{"line":142,"column":9}},"locations":[{"start":{"line":139,"column":10},"end":{"line":142,"column":9}}]},"14":{"type":"branch","line":145,"loc":{"start":{"line":145,"column":4},"end":{"line":207,"column":6}},"locations":[{"start":{"line":145,"column":4},"end":{"line":207,"column":6}}]},"15":{"type":"branch","line":154,"loc":{"start":{"line":154,"column":41},"end":{"line":154,"column":85}},"locations":[{"start":{"line":154,"column":41},"end":{"line":154,"column":85}}]},"16":{"type":"branch","line":156,"loc":{"start":{"line":156,"column":16},"end":{"line":196,"column":48}},"locations":[{"start":{"line":156,"column":16},"end":{"line":196,"column":48}}]},"17":{"type":"branch","line":200,"loc":{"start":{"line":200,"column":31},"end":{"line":200,"column":49}},"locations":[{"start":{"line":200,"column":31},"end":{"line":200,"column":49}}]},"18":{"type":"branch","line":203,"loc":{"start":{"line":203,"column":10},"end":{"line":206,"column":9}},"locations":[{"start":{"line":203,"column":10},"end":{"line":206,"column":9}}]},"19":{"type":"branch","line":209,"loc":{"start":{"line":209,"column":4},"end":{"line":241,"column":5}},"locations":[{"start":{"line":209,"column":4},"end":{"line":241,"column":5}}]},"20":{"type":"branch","line":218,"loc":{"start":{"line":218,"column":48},"end":{"line":230,"column":44}},"locations":[{"start":{"line":218,"column":48},"end":{"line":230,"column":44}}]},"21":{"type":"branch","line":231,"loc":{"start":{"line":231,"column":24},"end":{"line":231,"column":44}},"locations":[{"start":{"line":231,"column":24},"end":{"line":231,"column":44}}]},"22":{"type":"branch","line":231,"loc":{"start":{"line":231,"column":40},"end":{"line":231,"column":47}},"locations":[{"start":{"line":231,"column":40},"end":{"line":231,"column":47}}]},"23":{"type":"branch","line":236,"loc":{"start":{"line":236,"column":19},"end":{"line":238,"column":26}},"locations":[{"start":{"line":236,"column":19},"end":{"line":238,"column":26}}]},"24":{"type":"branch","line":238,"loc":{"start":{"line":238,"column":26},"end":{"line":238,"column":45}},"locations":[{"start":{"line":238,"column":26},"end":{"line":238,"column":45}}]},"25":{"type":"branch","line":238,"loc":{"start":{"line":238,"column":32},"end":{"line":241,"column":5}},"locations":[{"start":{"line":238,"column":32},"end":{"line":241,"column":5}}]}},"b":{"0":[4],"1":[0],"2":[0],"3":[0],"4":[4],"5":[3],"6":[1],"7":[3],"8":[3],"9":[1],"10":[0],"11":[0],"12":[2],"13":[1],"14":[1],"15":[0],"16":[0],"17":[0],"18":[0],"19":[2],"20":[1],"21":[0],"22":[1],"23":[1],"24":[0],"25":[1]},"fnMap":{"0":{"name":"getUserCommissionRate","decl":{"start":{"line":57,"column":7},"end":{"line":74,"column":1}},"loc":{"start":{"line":57,"column":7},"end":{"line":74,"column":1}},"line":57},"1":{"name":"recordPendingIncome","decl":{"start":{"line":81,"column":4},"end":{"line":143,"column":6}},"loc":{"start":{"line":81,"column":4},"end":{"line":143,"column":6}},"line":81},"2":{"name":"getWalletOverview","decl":{"start":{"line":145,"column":4},"end":{"line":207,"column":6}},"loc":{"start":{"line":145,"column":4},"end":{"line":207,"column":6}},"line":145},"3":{"name":"requestPayout","decl":{"start":{"line":209,"column":4},"end":{"line":241,"column":5}},"loc":{"start":{"line":209,"column":4},"end":{"line":241,"column":5}},"line":209}},"f":{"0":4,"1":4,"2":1,"3":2}}
,"C:\\Users\\i.azelkhanov\\Documents\\inkmax\\src\\services\\kaspi-service.ts": {"path":"C:\\Users\\i.azelkhanov\\Documents\\inkmax\\src\\services\\kaspi-service.ts","all":false,"statementMap":{"2":{"start":{"line":3,"column":0},"end":{"line":3,"column":3}},"5":{"start":{"line":6,"column":0},"end":{"line":6,"column":3}},"6":{"start":{"line":7,"column":0},"end":{"line":7,"column":27}},"7":{"start":{"line":8,"column":0},"end":{"line":8,"column":7}},"10":{"start":{"line":11,"column":0},"end":{"line":11,"column":7}},"11":{"start":{"line":12,"column":0},"end":{"line":12,"column":68}},"12":{"start":{"line":13,"column":0},"end":{"line":13,"column":13}},"13":{"start":{"line":14,"column":0},"end":{"line":14,"column":61}},"14":{"start":{"line":15,"column":0},"end":{"line":15,"column":105}},"16":{"start":{"line":17,"column":0},"end":{"line":17,"column":62}},"17":{"start":{"line":18,"column":0},"end":{"line":18,"column":72}},"18":{"start":{"line":19,"column":0},"end":{"line":19,"column":130}},"20":{"start":{"line":21,"column":0},"end":{"line":21,"column":20}},"21":{"start":{"line":22,"column":0},"end":{"line":22,"column":30}},"22":{"start":{"line":23,"column":0},"end":{"line":23,"column":22}},"23":{"start":{"line":24,"column":0},"end":{"line":24,"column":84}},"24":{"start":{"line":25,"column":0},"end":{"line":25,"column":14}},"25":{"start":{"line":26,"column":0},"end":{"line":26,"column":25}},"26":{"start":{"line":27,"column":0},"end":{"line":27,"column":72}},"27":{"start":{"line":28,"column":0},"end":{"line":28,"column":45}},"28":{"start":{"line":29,"column":0},"end":{"line":29,"column":9}},"29":{"start":{"line":30,"column":0},"end":{"line":30,"column":5}},"31":{"start":{"line":32,"column":0},"end":{"line":32,"column":7}},"33":{"start":{"line":34,"column":0},"end":{"line":34,"column":7}},"34":{"start":{"line":35,"column":0},"end":{"line":35,"column":69}},"35":{"start":{"line":36,"column":0},"end":{"line":36,"column":16}},"36":{"start":{"line":37,"column":0},"end":{"line":37,"column":36}},"37":{"start":{"line":38,"column":0},"end":{"line":38,"column":35}},"38":{"start":{"line":39,"column":0},"end":{"line":39,"column":40}},"39":{"start":{"line":40,"column":0},"end":{"line":40,"column":25}},"40":{"start":{"line":41,"column":0},"end":{"line":41,"column":10}},"41":{"start":{"line":42,"column":0},"end":{"line":42,"column":5}},"42":{"start":{"line":43,"column":0},"end":{"line":43,"column":1}}},"s":{"2":1,"5":1,"6":1,"7":1,"10":1,"11":1,"12":1,"13":1,"14":1,"16":1,"17":1,"18":1,"20":1,"21":1,"22":1,"23":1,"24":1,"25":1,"26":0,"27":0,"28":0,"29":1,"31":1,"33":1,"34":1,"35":1,"36":1,"37":1,"38":1,"39":1,"40":1,"41":1,"42":1},"branchMap":{"0":{"type":"branch","line":12,"loc":{"start":{"line":12,"column":4},"end":{"line":30,"column":5}},"locations":[{"start":{"line":12,"column":4},"end":{"line":30,"column":5}}]},"1":{"type":"branch","line":26,"loc":{"start":{"line":26,"column":10},"end":{"line":29,"column":9}},"locations":[{"start":{"line":26,"column":10},"end":{"line":29,"column":9}}]},"2":{"type":"branch","line":35,"loc":{"start":{"line":35,"column":11},"end":{"line":42,"column":5}},"locations":[{"start":{"line":35,"column":11},"end":{"line":42,"column":5}}]}},"b":{"0":[1],"1":[0],"2":[1]},"fnMap":{"0":{"name":"generateQrLink","decl":{"start":{"line":12,"column":4},"end":{"line":30,"column":5}},"loc":{"start":{"line":12,"column":4},"end":{"line":30,"column":5}},"line":12},"1":{"name":"prepareMetadata","decl":{"start":{"line":35,"column":11},"end":{"line":42,"column":5}},"loc":{"start":{"line":35,"column":11},"end":{"line":42,"column":5}},"line":35}},"f":{"0":1,"1":1}}
,"C:\\Users\\i.azelkhanov\\Documents\\inkmax\\src\\services\\payment-service.ts": {"path":"C:\\Users\\i.azelkhanov\\Documents\\inkmax\\src\\services\\payment-service.ts","all":false,"statementMap":{"0":{"start":{"line":1,"column":0},"end":{"line":1,"column":54}},"21":{"start":{"line":22,"column":0},"end":{"line":22,"column":3}},"24":{"start":{"line":25,"column":0},"end":{"line":25,"column":3}},"25":{"start":{"line":26,"column":0},"end":{"line":26,"column":29}},"26":{"start":{"line":27,"column":0},"end":{"line":27,"column":7}},"29":{"start":{"line":30,"column":0},"end":{"line":30,"column":7}},"30":{"start":{"line":31,"column":0},"end":{"line":31,"column":38}},"36":{"start":{"line":37,"column":0},"end":{"line":37,"column":33}},"37":{"start":{"line":38,"column":0},"end":{"line":38,"column":91}},"38":{"start":{"line":39,"column":0},"end":{"line":39,"column":24}},"39":{"start":{"line":40,"column":0},"end":{"line":40,"column":11}},"41":{"start":{"line":42,"column":0},"end":{"line":42,"column":38}},"42":{"start":{"line":43,"column":0},"end":{"line":43,"column":98}},"43":{"start":{"line":44,"column":0},"end":{"line":44,"column":77}},"44":{"start":{"line":45,"column":0},"end":{"line":45,"column":42}},"45":{"start":{"line":46,"column":0},"end":{"line":46,"column":9}},"47":{"start":{"line":48,"column":0},"end":{"line":48,"column":16}},"48":{"start":{"line":49,"column":0},"end":{"line":49,"column":34}},"49":{"start":{"line":50,"column":0},"end":{"line":50,"column":40}},"50":{"start":{"line":51,"column":0},"end":{"line":51,"column":63}},"51":{"start":{"line":52,"column":0},"end":{"line":52,"column":10}},"52":{"start":{"line":53,"column":0},"end":{"line":53,"column":5}},"54":{"start":{"line":55,"column":0},"end":{"line":55,"column":7}},"56":{"start":{"line":57,"column":0},"end":{"line":57,"column":7}},"57":{"start":{"line":58,"column":0},"end":{"line":58,"column":83}},"58":{"start":{"line":59,"column":0},"end":{"line":59,"column":46}},"59":{"start":{"line":60,"column":0},"end":{"line":60,"column":27}},"60":{"start":{"line":61,"column":0},"end":{"line":61,"column":29}},"61":{"start":{"line":62,"column":0},"end":{"line":62,"column":30}},"62":{"start":{"line":63,"column":0},"end":{"line":63,"column":22}},"64":{"start":{"line":65,"column":0},"end":{"line":65,"column":36}},"65":{"start":{"line":66,"column":0},"end":{"line":66,"column":78}},"66":{"start":{"line":67,"column":0},"end":{"line":67,"column":5}},"67":{"start":{"line":68,"column":0},"end":{"line":68,"column":1}}},"s":{"0":1,"21":1,"24":1,"25":1,"26":1,"29":1,"30":1,"36":3,"37":3,"38":3,"39":3,"41":3,"42":2,"43":2,"44":2,"45":2,"47":1,"48":1,"49":1,"50":1,"51":1,"52":1,"54":1,"56":1,"57":1,"58":2,"59":2,"60":2,"61":2,"62":2,"64":2,"65":1,"66":2,"67":1},"branchMap":{"0":{"type":"branch","line":31,"loc":{"start":{"line":31,"column":4},"end":{"line":53,"column":5}},"locations":[{"start":{"line":31,"column":4},"end":{"line":53,"column":5}}]},"1":{"type":"branch","line":42,"loc":{"start":{"line":42,"column":12},"end":{"line":42,"column":37}},"locations":[{"start":{"line":42,"column":12},"end":{"line":42,"column":37}}]},"2":{"type":"branch","line":42,"loc":{"start":{"line":42,"column":37},"end":{"line":46,"column":9}},"locations":[{"start":{"line":42,"column":37},"end":{"line":46,"column":9}}]},"3":{"type":"branch","line":43,"loc":{"start":{"line":43,"column":33},"end":{"line":43,"column":51}},"locations":[{"start":{"line":43,"column":33},"end":{"line":43,"column":51}}]},"4":{"type":"branch","line":43,"loc":{"start":{"line":43,"column":40},"end":{"line":43,"column":66}},"locations":[{"start":{"line":43,"column":40},"end":{"line":43,"column":66}}]},"5":{"type":"branch","line":43,"loc":{"start":{"line":43,"column":57},"end":{"line":43,"column":98}},"locations":[{"start":{"line":43,"column":57},"end":{"line":43,"column":98}}]},"6":{"type":"branch","line":46,"loc":{"start":{"line":46,"column":8},"end":{"line":53,"column":5}},"locations":[{"start":{"line":46,"column":8},"end":{"line":53,"column":5}}]},"7":{"type":"branch","line":58,"loc":{"start":{"line":58,"column":4},"end":{"line":67,"column":5}},"locations":[{"start":{"line":58,"column":4},"end":{"line":67,"column":5}}]},"8":{"type":"branch","line":65,"loc":{"start":{"line":65,"column":19},"end":{"line":66,"column":78}},"locations":[{"start":{"line":65,"column":19},"end":{"line":66,"column":78}}]}},"b":{"0":[3],"1":[2],"2":[2],"3":[1],"4":[1],"5":[0],"6":[1],"7":[2],"8":[1]},"fnMap":{"0":{"name":"createOrder","decl":{"start":{"line":31,"column":4},"end":{"line":53,"column":5}},"loc":{"start":{"line":31,"column":4},"end":{"line":53,"column":5}},"line":31},"1":{"name":"getOrderStatus","decl":{"start":{"line":58,"column":4},"end":{"line":67,"column":5}},"loc":{"start":{"line":58,"column":4},"end":{"line":67,"column":5}},"line":58}},"f":{"0":3,"1":2}}
,"C:\\Users\\i.azelkhanov\\Documents\\inkmax\\src\\services\\user.ts": {"path":"C:\\Users\\i.azelkhanov\\Documents\\inkmax\\src\\services\\user.ts","all":false,"statementMap":{"0":{"start":{"line":1,"column":0},"end":{"line":1,"column":3}},"2":{"start":{"line":3,"column":0},"end":{"line":3,"column":3}},"3":{"start":{"line":4,"column":0},"end":{"line":4,"column":54}},"28":{"start":{"line":29,"column":0},"end":{"line":29,"column":41}},"30":{"start":{"line":31,"column":0},"end":{"line":31,"column":39}},"31":{"start":{"line":32,"column":0},"end":{"line":32,"column":30}},"32":{"start":{"line":33,"column":0},"end":{"line":33,"column":31}},"34":{"start":{"line":35,"column":0},"end":{"line":35,"column":3}},"36":{"start":{"line":37,"column":0},"end":{"line":37,"column":3}},"37":{"start":{"line":38,"column":0},"end":{"line":38,"column":88}},"38":{"start":{"line":39,"column":0},"end":{"line":39,"column":50}},"39":{"start":{"line":40,"column":0},"end":{"line":40,"column":59}},"40":{"start":{"line":41,"column":0},"end":{"line":41,"column":3}},"42":{"start":{"line":43,"column":0},"end":{"line":43,"column":46}},"43":{"start":{"line":44,"column":0},"end":{"line":44,"column":98}},"44":{"start":{"line":45,"column":0},"end":{"line":45,"column":3}},"46":{"start":{"line":47,"column":0},"end":{"line":47,"column":46}},"47":{"start":{"line":48,"column":0},"end":{"line":48,"column":99}},"48":{"start":{"line":49,"column":0},"end":{"line":49,"column":3}},"50":{"start":{"line":51,"column":0},"end":{"line":51,"column":39}},"51":{"start":{"line":52,"column":0},"end":{"line":52,"column":12}},"52":{"start":{"line":53,"column":0},"end":{"line":53,"column":19}},"53":{"start":{"line":54,"column":0},"end":{"line":54,"column":94}},"54":{"start":{"line":55,"column":0},"end":{"line":55,"column":6}},"55":{"start":{"line":56,"column":0},"end":{"line":56,"column":3}},"57":{"start":{"line":58,"column":0},"end":{"line":58,"column":25}},"58":{"start":{"line":59,"column":0},"end":{"line":59,"column":1}},"60":{"start":{"line":61,"column":0},"end":{"line":61,"column":47}},"62":{"start":{"line":63,"column":0},"end":{"line":63,"column":3}},"64":{"start":{"line":65,"column":0},"end":{"line":65,"column":3}},"65":{"start":{"line":66,"column":0},"end":{"line":66,"column":43}},"66":{"start":{"line":67,"column":0},"end":{"line":67,"column":43}},"67":{"start":{"line":68,"column":0},"end":{"line":68,"column":57}},"68":{"start":{"line":69,"column":0},"end":{"line":69,"column":65}},"69":{"start":{"line":70,"column":0},"end":{"line":70,"column":70}},"70":{"start":{"line":71,"column":0},"end":{"line":71,"column":3}},"71":{"start":{"line":72,"column":0},"end":{"line":72,"column":36}},"72":{"start":{"line":73,"column":0},"end":{"line":73,"column":1}},"74":{"start":{"line":75,"column":0},"end":{"line":75,"column":44}},"76":{"start":{"line":77,"column":0},"end":{"line":77,"column":3}},"78":{"start":{"line":79,"column":0},"end":{"line":79,"column":3}},"79":{"start":{"line":80,"column":0},"end":{"line":80,"column":88}},"80":{"start":{"line":81,"column":0},"end":{"line":81,"column":7}},"81":{"start":{"line":82,"column":0},"end":{"line":82,"column":42}},"82":{"start":{"line":83,"column":0},"end":{"line":83,"column":28}},"83":{"start":{"line":84,"column":0},"end":{"line":84,"column":18}},"84":{"start":{"line":85,"column":0},"end":{"line":85,"column":23}},"85":{"start":{"line":86,"column":0},"end":{"line":86,"column":21}},"87":{"start":{"line":88,"column":0},"end":{"line":88,"column":45}},"88":{"start":{"line":89,"column":0},"end":{"line":89,"column":53}},"89":{"start":{"line":90,"column":0},"end":{"line":90,"column":5}},"91":{"start":{"line":92,"column":0},"end":{"line":92,"column":61}},"92":{"start":{"line":93,"column":0},"end":{"line":93,"column":19}},"93":{"start":{"line":94,"column":0},"end":{"line":94,"column":51}},"94":{"start":{"line":95,"column":0},"end":{"line":95,"column":3}},"95":{"start":{"line":96,"column":0},"end":{"line":96,"column":1}},"97":{"start":{"line":98,"column":0},"end":{"line":98,"column":3}},"99":{"start":{"line":100,"column":0},"end":{"line":100,"column":3}},"100":{"start":{"line":101,"column":0},"end":{"line":101,"column":48}},"101":{"start":{"line":102,"column":0},"end":{"line":102,"column":19}},"102":{"start":{"line":103,"column":0},"end":{"line":103,"column":23}},"104":{"start":{"line":105,"column":0},"end":{"line":105,"column":47}},"105":{"start":{"line":106,"column":0},"end":{"line":106,"column":26}},"106":{"start":{"line":107,"column":0},"end":{"line":107,"column":17}},"107":{"start":{"line":108,"column":0},"end":{"line":108,"column":43}},"108":{"start":{"line":109,"column":0},"end":{"line":109,"column":29}},"109":{"start":{"line":110,"column":0},"end":{"line":110,"column":19}},"111":{"start":{"line":112,"column":0},"end":{"line":112,"column":23}},"112":{"start":{"line":113,"column":0},"end":{"line":113,"column":1}},"114":{"start":{"line":115,"column":0},"end":{"line":115,"column":3}},"116":{"start":{"line":117,"column":0},"end":{"line":117,"column":3}},"117":{"start":{"line":118,"column":0},"end":{"line":118,"column":37}},"118":{"start":{"line":119,"column":0},"end":{"line":119,"column":17}},"119":{"start":{"line":120,"column":0},"end":{"line":120,"column":18}},"121":{"start":{"line":122,"column":0},"end":{"line":122,"column":48}},"122":{"start":{"line":123,"column":0},"end":{"line":123,"column":26}},"123":{"start":{"line":124,"column":0},"end":{"line":124,"column":55}},"124":{"start":{"line":125,"column":0},"end":{"line":125,"column":3}},"126":{"start":{"line":127,"column":0},"end":{"line":127,"column":52}},"128":{"start":{"line":129,"column":0},"end":{"line":129,"column":23}},"129":{"start":{"line":130,"column":0},"end":{"line":130,"column":82}},"130":{"start":{"line":131,"column":0},"end":{"line":131,"column":21}},"131":{"start":{"line":132,"column":0},"end":{"line":132,"column":71}},"132":{"start":{"line":133,"column":0},"end":{"line":133,"column":3}},"134":{"start":{"line":135,"column":0},"end":{"line":135,"column":7}},"135":{"start":{"line":136,"column":0},"end":{"line":136,"column":33}},"136":{"start":{"line":137,"column":0},"end":{"line":137,"column":81}},"137":{"start":{"line":138,"column":0},"end":{"line":138,"column":17}},"138":{"start":{"line":139,"column":0},"end":{"line":139,"column":35}},"139":{"start":{"line":140,"column":0},"end":{"line":140,"column":7}},"141":{"start":{"line":142,"column":0},"end":{"line":142,"column":23}},"142":{"start":{"line":143,"column":0},"end":{"line":143,"column":68}},"143":{"start":{"line":144,"column":0},"end":{"line":144,"column":5}},"145":{"start":{"line":146,"column":0},"end":{"line":146,"column":39}},"146":{"start":{"line":147,"column":0},"end":{"line":147,"column":92}},"148":{"start":{"line":149,"column":0},"end":{"line":149,"column":29}},"149":{"start":{"line":150,"column":0},"end":{"line":150,"column":19}},"150":{"start":{"line":151,"column":0},"end":{"line":151,"column":66}},"151":{"start":{"line":152,"column":0},"end":{"line":152,"column":3}},"152":{"start":{"line":153,"column":0},"end":{"line":153,"column":1}},"154":{"start":{"line":155,"column":0},"end":{"line":155,"column":3}},"156":{"start":{"line":157,"column":0},"end":{"line":157,"column":3}},"157":{"start":{"line":158,"column":0},"end":{"line":158,"column":88}},"158":{"start":{"line":159,"column":0},"end":{"line":159,"column":7}},"159":{"start":{"line":160,"column":0},"end":{"line":160,"column":42}},"160":{"start":{"line":161,"column":0},"end":{"line":161,"column":28}},"161":{"start":{"line":162,"column":0},"end":{"line":162,"column":76}},"162":{"start":{"line":163,"column":0},"end":{"line":163,"column":23}},"163":{"start":{"line":164,"column":0},"end":{"line":164,"column":21}},"165":{"start":{"line":166,"column":0},"end":{"line":166,"column":25}},"166":{"start":{"line":167,"column":0},"end":{"line":167,"column":87}},"167":{"start":{"line":168,"column":0},"end":{"line":168,"column":5}},"169":{"start":{"line":170,"column":0},"end":{"line":170,"column":27}},"170":{"start":{"line":171,"column":0},"end":{"line":171,"column":81}},"171":{"start":{"line":172,"column":0},"end":{"line":172,"column":90}},"172":{"start":{"line":173,"column":0},"end":{"line":173,"column":80}},"173":{"start":{"line":174,"column":0},"end":{"line":174,"column":13}},"175":{"start":{"line":176,"column":0},"end":{"line":176,"column":60}},"176":{"start":{"line":177,"column":0},"end":{"line":177,"column":76}},"178":{"start":{"line":179,"column":0},"end":{"line":179,"column":43}},"179":{"start":{"line":180,"column":0},"end":{"line":180,"column":71}},"180":{"start":{"line":181,"column":0},"end":{"line":181,"column":26}},"182":{"start":{"line":183,"column":0},"end":{"line":183,"column":39}},"183":{"start":{"line":184,"column":0},"end":{"line":184,"column":92}},"184":{"start":{"line":185,"column":0},"end":{"line":185,"column":87}},"185":{"start":{"line":186,"column":0},"end":{"line":186,"column":76}},"187":{"start":{"line":188,"column":0},"end":{"line":188,"column":28}},"188":{"start":{"line":189,"column":0},"end":{"line":189,"column":73}},"190":{"start":{"line":191,"column":0},"end":{"line":191,"column":27}},"191":{"start":{"line":192,"column":0},"end":{"line":192,"column":23}},"192":{"start":{"line":193,"column":0},"end":{"line":193,"column":31}},"193":{"start":{"line":194,"column":0},"end":{"line":194,"column":56}},"194":{"start":{"line":195,"column":0},"end":{"line":195,"column":51}},"195":{"start":{"line":196,"column":0},"end":{"line":196,"column":59}},"196":{"start":{"line":197,"column":0},"end":{"line":197,"column":60}},"197":{"start":{"line":198,"column":0},"end":{"line":198,"column":43}},"198":{"start":{"line":199,"column":0},"end":{"line":199,"column":64}},"199":{"start":{"line":200,"column":0},"end":{"line":200,"column":23}},"200":{"start":{"line":201,"column":0},"end":{"line":201,"column":71}},"201":{"start":{"line":202,"column":0},"end":{"line":202,"column":5}},"203":{"start":{"line":204,"column":0},"end":{"line":204,"column":73}},"204":{"start":{"line":205,"column":0},"end":{"line":205,"column":19}},"205":{"start":{"line":206,"column":0},"end":{"line":206,"column":85}},"206":{"start":{"line":207,"column":0},"end":{"line":207,"column":3}},"207":{"start":{"line":208,"column":0},"end":{"line":208,"column":1}},"209":{"start":{"line":210,"column":0},"end":{"line":210,"column":3}},"211":{"start":{"line":212,"column":0},"end":{"line":212,"column":3}},"212":{"start":{"line":213,"column":0},"end":{"line":213,"column":47}},"213":{"start":{"line":214,"column":0},"end":{"line":214,"column":17}},"214":{"start":{"line":215,"column":0},"end":{"line":215,"column":18}},"216":{"start":{"line":217,"column":0},"end":{"line":217,"column":7}},"217":{"start":{"line":218,"column":0},"end":{"line":218,"column":36}},"218":{"start":{"line":219,"column":0},"end":{"line":219,"column":28}},"219":{"start":{"line":220,"column":0},"end":{"line":220,"column":55}},"220":{"start":{"line":221,"column":0},"end":{"line":221,"column":24}},"222":{"start":{"line":223,"column":0},"end":{"line":223,"column":16}},"223":{"start":{"line":224,"column":0},"end":{"line":224,"column":53}},"224":{"start":{"line":225,"column":0},"end":{"line":225,"column":5}},"226":{"start":{"line":227,"column":0},"end":{"line":227,"column":42}},"227":{"start":{"line":228,"column":0},"end":{"line":228,"column":19}},"228":{"start":{"line":229,"column":0},"end":{"line":229,"column":51}},"229":{"start":{"line":230,"column":0},"end":{"line":230,"column":3}},"230":{"start":{"line":231,"column":0},"end":{"line":231,"column":1}},"232":{"start":{"line":233,"column":0},"end":{"line":233,"column":3}},"234":{"start":{"line":235,"column":0},"end":{"line":235,"column":3}},"235":{"start":{"line":236,"column":0},"end":{"line":236,"column":50}},"236":{"start":{"line":237,"column":0},"end":{"line":237,"column":17}},"237":{"start":{"line":238,"column":0},"end":{"line":238,"column":19}},"238":{"start":{"line":239,"column":0},"end":{"line":239,"column":23}},"240":{"start":{"line":241,"column":0},"end":{"line":241,"column":7}},"241":{"start":{"line":242,"column":0},"end":{"line":242,"column":36}},"242":{"start":{"line":243,"column":0},"end":{"line":243,"column":28}},"243":{"start":{"line":244,"column":0},"end":{"line":244,"column":16}},"244":{"start":{"line":245,"column":0},"end":{"line":245,"column":48}},"245":{"start":{"line":246,"column":0},"end":{"line":246,"column":32}},"246":{"start":{"line":247,"column":0},"end":{"line":247,"column":8}},"247":{"start":{"line":248,"column":0},"end":{"line":248,"column":24}},"249":{"start":{"line":250,"column":0},"end":{"line":250,"column":16}},"250":{"start":{"line":251,"column":0},"end":{"line":251,"column":53}},"251":{"start":{"line":252,"column":0},"end":{"line":252,"column":5}},"253":{"start":{"line":254,"column":0},"end":{"line":254,"column":42}},"254":{"start":{"line":255,"column":0},"end":{"line":255,"column":19}},"255":{"start":{"line":256,"column":0},"end":{"line":256,"column":51}},"256":{"start":{"line":257,"column":0},"end":{"line":257,"column":3}},"257":{"start":{"line":258,"column":0},"end":{"line":258,"column":1}}},"s":{"0":1,"2":1,"3":1,"28":1,"30":1,"31":1,"32":1,"34":1,"36":1,"37":1,"38":7,"39":1,"40":1,"42":7,"43":1,"44":1,"46":7,"47":0,"48":0,"50":7,"51":1,"52":1,"53":1,"54":1,"55":1,"57":4,"58":4,"60":1,"62":1,"64":1,"65":0,"66":0,"67":0,"68":0,"69":0,"70":0,"71":0,"72":0,"74":1,"76":1,"78":1,"79":1,"80":1,"81":1,"82":1,"83":1,"84":1,"85":1,"87":1,"88":0,"89":0,"91":1,"92":1,"93":0,"94":0,"95":1,"97":1,"99":1,"100":1,"101":4,"102":4,"104":4,"105":4,"106":4,"107":4,"108":4,"109":4,"111":4,"112":4,"114":1,"116":1,"117":1,"118":4,"119":4,"121":4,"122":4,"123":1,"124":1,"126":3,"128":3,"129":3,"130":4,"131":1,"132":1,"134":2,"135":2,"136":2,"137":2,"138":2,"139":2,"141":4,"142":0,"143":0,"145":1,"146":1,"148":1,"149":1,"150":1,"151":1,"152":4,"154":1,"156":1,"157":1,"158":3,"159":3,"160":3,"161":3,"162":3,"163":3,"165":3,"166":1,"167":1,"169":2,"170":3,"171":3,"172":1,"173":1,"175":3,"176":3,"178":3,"179":3,"180":3,"182":3,"183":3,"184":3,"185":3,"187":3,"188":3,"190":3,"191":1,"192":1,"193":1,"194":1,"195":0,"196":1,"197":1,"198":0,"199":0,"200":0,"201":0,"203":2,"204":3,"205":0,"206":0,"207":3,"209":1,"211":1,"212":1,"213":0,"214":0,"216":0,"217":0,"218":0,"219":0,"220":0,"222":0,"223":0,"224":0,"226":0,"227":0,"228":0,"229":0,"230":0,"232":1,"234":1,"235":1,"236":0,"237":0,"238":0,"240":0,"241":0,"242":0,"243":0,"244":0,"245":0,"246":0,"247":0,"249":0,"250":0,"251":0,"253":0,"254":0,"255":0,"256":0,"257":0},"branchMap":{"0":{"type":"branch","line":38,"loc":{"start":{"line":38,"column":7},"end":{"line":59,"column":1}},"locations":[{"start":{"line":38,"column":7},"end":{"line":59,"column":1}}]},"1":{"type":"branch","line":39,"loc":{"start":{"line":39,"column":7},"end":{"line":39,"column":49}},"locations":[{"start":{"line":39,"column":7},"end":{"line":39,"column":49}}]},"2":{"type":"branch","line":39,"loc":{"start":{"line":39,"column":49},"end":{"line":41,"column":3}},"locations":[{"start":{"line":39,"column":49},"end":{"line":41,"column":3}}]},"3":{"type":"branch","line":41,"loc":{"start":{"line":41,"column":2},"end":{"line":43,"column":45}},"locations":[{"start":{"line":41,"column":2},"end":{"line":43,"column":45}}]},"4":{"type":"branch","line":43,"loc":{"start":{"line":43,"column":45},"end":{"line":45,"column":3}},"locations":[{"start":{"line":43,"column":45},"end":{"line":45,"column":3}}]},"5":{"type":"branch","line":45,"loc":{"start":{"line":45,"column":2},"end":{"line":47,"column":45}},"locations":[{"start":{"line":45,"column":2},"end":{"line":47,"column":45}}]},"6":{"type":"branch","line":47,"loc":{"start":{"line":47,"column":45},"end":{"line":49,"column":3}},"locations":[{"start":{"line":47,"column":45},"end":{"line":49,"column":3}}]},"7":{"type":"branch","line":49,"loc":{"start":{"line":49,"column":2},"end":{"line":51,"column":38}},"locations":[{"start":{"line":49,"column":2},"end":{"line":51,"column":38}}]},"8":{"type":"branch","line":51,"loc":{"start":{"line":51,"column":38},"end":{"line":56,"column":3}},"locations":[{"start":{"line":51,"column":38},"end":{"line":56,"column":3}}]},"9":{"type":"branch","line":56,"loc":{"start":{"line":56,"column":2},"end":{"line":59,"column":1}},"locations":[{"start":{"line":56,"column":2},"end":{"line":59,"column":1}}]},"10":{"type":"branch","line":80,"loc":{"start":{"line":80,"column":7},"end":{"line":96,"column":1}},"locations":[{"start":{"line":80,"column":7},"end":{"line":96,"column":1}}]},"11":{"type":"branch","line":88,"loc":{"start":{"line":88,"column":8},"end":{"line":88,"column":44}},"locations":[{"start":{"line":88,"column":8},"end":{"line":88,"column":44}}]},"12":{"type":"branch","line":88,"loc":{"start":{"line":88,"column":44},"end":{"line":90,"column":5}},"locations":[{"start":{"line":88,"column":44},"end":{"line":90,"column":5}}]},"13":{"type":"branch","line":93,"loc":{"start":{"line":93,"column":4},"end":{"line":95,"column":3}},"locations":[{"start":{"line":93,"column":4},"end":{"line":95,"column":3}}]},"14":{"type":"branch","line":101,"loc":{"start":{"line":101,"column":7},"end":{"line":113,"column":1}},"locations":[{"start":{"line":101,"column":7},"end":{"line":113,"column":1}}]},"15":{"type":"branch","line":118,"loc":{"start":{"line":118,"column":7},"end":{"line":153,"column":1}},"locations":[{"start":{"line":118,"column":7},"end":{"line":153,"column":1}}]},"16":{"type":"branch","line":123,"loc":{"start":{"line":123,"column":25},"end":{"line":125,"column":3}},"locations":[{"start":{"line":123,"column":25},"end":{"line":125,"column":3}}]},"17":{"type":"branch","line":125,"loc":{"start":{"line":125,"column":2},"end":{"line":131,"column":20}},"locations":[{"start":{"line":125,"column":2},"end":{"line":131,"column":20}}]},"18":{"type":"branch","line":131,"loc":{"start":{"line":131,"column":20},"end":{"line":133,"column":3}},"locations":[{"start":{"line":131,"column":20},"end":{"line":133,"column":3}}]},"19":{"type":"branch","line":133,"loc":{"start":{"line":133,"column":2},"end":{"line":140,"column":7}},"locations":[{"start":{"line":133,"column":2},"end":{"line":140,"column":7}}]},"20":{"type":"branch","line":140,"loc":{"start":{"line":140,"column":4},"end":{"line":142,"column":22}},"locations":[{"start":{"line":140,"column":4},"end":{"line":142,"column":22}}]},"21":{"type":"branch","line":142,"loc":{"start":{"line":142,"column":22},"end":{"line":144,"column":5}},"locations":[{"start":{"line":142,"column":22},"end":{"line":144,"column":5}}]},"22":{"type":"branch","line":144,"loc":{"start":{"line":144,"column":4},"end":{"line":152,"column":3}},"locations":[{"start":{"line":144,"column":4},"end":{"line":152,"column":3}}]},"23":{"type":"branch","line":158,"loc":{"start":{"line":158,"column":7},"end":{"line":208,"column":1}},"locations":[{"start":{"line":158,"column":7},"end":{"line":208,"column":1}}]},"24":{"type":"branch","line":166,"loc":{"start":{"line":166,"column":8},"end":{"line":166,"column":24}},"locations":[{"start":{"line":166,"column":8},"end":{"line":166,"column":24}}]},"25":{"type":"branch","line":166,"loc":{"start":{"line":166,"column":24},"end":{"line":168,"column":5}},"locations":[{"start":{"line":166,"column":24},"end":{"line":168,"column":5}}]},"26":{"type":"branch","line":168,"loc":{"start":{"line":168,"column":4},"end":{"line":171,"column":45}},"locations":[{"start":{"line":168,"column":4},"end":{"line":171,"column":45}}]},"27":{"type":"branch","line":171,"loc":{"start":{"line":171,"column":42},"end":{"line":171,"column":76}},"locations":[{"start":{"line":171,"column":42},"end":{"line":171,"column":76}}]},"28":{"type":"branch","line":171,"loc":{"start":{"line":171,"column":72},"end":{"line":171,"column":81}},"locations":[{"start":{"line":171,"column":72},"end":{"line":171,"column":81}}]},"29":{"type":"branch","line":172,"loc":{"start":{"line":172,"column":89},"end":{"line":173,"column":80}},"locations":[{"start":{"line":172,"column":89},"end":{"line":173,"column":80}}]},"30":{"type":"branch","line":173,"loc":{"start":{"line":173,"column":77},"end":{"line":174,"column":13}},"locations":[{"start":{"line":173,"column":77},"end":{"line":174,"column":13}}]},"31":{"type":"branch","line":176,"loc":{"start":{"line":176,"column":20},"end":{"line":176,"column":54}},"locations":[{"start":{"line":176,"column":20},"end":{"line":176,"column":54}}]},"32":{"type":"branch","line":176,"loc":{"start":{"line":176,"column":48},"end":{"line":176,"column":60}},"locations":[{"start":{"line":176,"column":48},"end":{"line":176,"column":60}}]},"33":{"type":"branch","line":177,"loc":{"start":{"line":177,"column":26},"end":{"line":177,"column":70}},"locations":[{"start":{"line":177,"column":26},"end":{"line":177,"column":70}}]},"34":{"type":"branch","line":177,"loc":{"start":{"line":177,"column":64},"end":{"line":177,"column":76}},"locations":[{"start":{"line":177,"column":64},"end":{"line":177,"column":76}}]},"35":{"type":"branch","line":185,"loc":{"start":{"line":185,"column":46},"end":{"line":185,"column":87}},"locations":[{"start":{"line":185,"column":46},"end":{"line":185,"column":87}}]},"36":{"type":"branch","line":185,"loc":{"start":{"line":185,"column":52},"end":{"line":185,"column":84}},"locations":[{"start":{"line":185,"column":52},"end":{"line":185,"column":84}}]},"37":{"type":"branch","line":186,"loc":{"start":{"line":186,"column":29},"end":{"line":186,"column":68}},"locations":[{"start":{"line":186,"column":29},"end":{"line":186,"column":68}}]},"38":{"type":"branch","line":186,"loc":{"start":{"line":186,"column":46},"end":{"line":186,"column":76}},"locations":[{"start":{"line":186,"column":46},"end":{"line":186,"column":76}}]},"39":{"type":"branch","line":191,"loc":{"start":{"line":191,"column":26},"end":{"line":202,"column":5}},"locations":[{"start":{"line":191,"column":26},"end":{"line":202,"column":5}}]},"40":{"type":"branch","line":194,"loc":{"start":{"line":194,"column":38},"end":{"line":194,"column":56}},"locations":[{"start":{"line":194,"column":38},"end":{"line":194,"column":56}}]},"41":{"type":"branch","line":195,"loc":{"start":{"line":195,"column":45},"end":{"line":197,"column":25}},"locations":[{"start":{"line":195,"column":45},"end":{"line":197,"column":25}}]},"42":{"type":"branch","line":198,"loc":{"start":{"line":198,"column":42},"end":{"line":202,"column":5}},"locations":[{"start":{"line":198,"column":42},"end":{"line":202,"column":5}}]},"43":{"type":"branch","line":202,"loc":{"start":{"line":202,"column":4},"end":{"line":205,"column":4}},"locations":[{"start":{"line":202,"column":4},"end":{"line":205,"column":4}}]},"44":{"type":"branch","line":205,"loc":{"start":{"line":205,"column":4},"end":{"line":207,"column":3}},"locations":[{"start":{"line":205,"column":4},"end":{"line":207,"column":3}}]}},"b":{"0":[7],"1":[6],"2":[1],"3":[6],"4":[1],"5":[5],"6":[0],"7":[5],"8":[1],"9":[4],"10":[1],"11":[0],"12":[0],"13":[0],"14":[4],"15":[4],"16":[1],"17":[3],"18":[1],"19":[2],"20":[1],"21":[0],"22":[1],"23":[3],"24":[2],"25":[1],"26":[2],"27":[1],"28":[1],"29":[1],"30":[1],"31":[1],"32":[1],"33":[1],"34":[1],"35":[2],"36":[1],"37":[2],"38":[1],"39":[1],"40":[0],"41":[0],"42":[0],"43":[2],"44":[0]},"fnMap":{"0":{"name":"validateUsername","decl":{"start":{"line":38,"column":7},"end":{"line":59,"column":1}},"loc":{"start":{"line":38,"column":7},"end":{"line":59,"column":1}},"line":38},"1":{"name":"wrapError","decl":{"start":{"line":66,"column":0},"end":{"line":73,"column":1}},"loc":{"start":{"line":66,"column":0},"end":{"line":73,"column":1}},"line":66},"2":{"name":"loadUserProfile","decl":{"start":{"line":80,"column":7},"end":{"line":96,"column":1}},"loc":{"start":{"line":80,"column":7},"end":{"line":96,"column":1}},"line":80},"3":{"name":"checkUsernameAvailability","decl":{"start":{"line":101,"column":7},"end":{"line":113,"column":1}},"loc":{"start":{"line":101,"column":7},"end":{"line":113,"column":1}},"line":101},"4":{"name":"updateUsername","decl":{"start":{"line":118,"column":7},"end":{"line":153,"column":1}},"loc":{"start":{"line":118,"column":7},"end":{"line":153,"column":1}},"line":118},"5":{"name":"checkPremiumStatus","decl":{"start":{"line":158,"column":7},"end":{"line":208,"column":1}},"loc":{"start":{"line":158,"column":7},"end":{"line":208,"column":1}},"line":158},"6":{"name":"updateEmailNotifications","decl":{"start":{"line":213,"column":7},"end":{"line":231,"column":1}},"loc":{"start":{"line":213,"column":7},"end":{"line":231,"column":1}},"line":213},"7":{"name":"updateTelegramNotifications","decl":{"start":{"line":236,"column":7},"end":{"line":258,"column":1}},"loc":{"start":{"line":236,"column":7},"end":{"line":258,"column":1}},"line":236}},"f":{"0":7,"1":0,"2":1,"3":4,"4":4,"5":3,"6":0,"7":0}}
,"C:\\Users\\i.azelkhanov\\Documents\\inkmax\\src\\services\\zones\\robokassa.ts": {"path":"C:\\Users\\i.azelkhanov\\Documents\\inkmax\\src\\services\\zones\\robokassa.ts","all":false,"statementMap":{"0":{"start":{"line":1,"column":0},"end":{"line":1,"column":54}},"13":{"start":{"line":14,"column":0},"end":{"line":14,"column":3}},"15":{"start":{"line":16,"column":0},"end":{"line":16,"column":3}},"16":{"start":{"line":17,"column":0},"end":{"line":17,"column":117}},"17":{"start":{"line":18,"column":0},"end":{"line":18,"column":74}},"18":{"start":{"line":19,"column":0},"end":{"line":19,"column":21}},"19":{"start":{"line":20,"column":0},"end":{"line":20,"column":7}},"21":{"start":{"line":22,"column":0},"end":{"line":22,"column":16}},"22":{"start":{"line":23,"column":0},"end":{"line":23,"column":64}},"23":{"start":{"line":24,"column":0},"end":{"line":24,"column":75}},"24":{"start":{"line":25,"column":0},"end":{"line":25,"column":5}},"26":{"start":{"line":27,"column":0},"end":{"line":27,"column":12}},"27":{"start":{"line":28,"column":0},"end":{"line":28,"column":22}},"28":{"start":{"line":29,"column":0},"end":{"line":29,"column":25}},"29":{"start":{"line":30,"column":0},"end":{"line":30,"column":6}},"30":{"start":{"line":31,"column":0},"end":{"line":31,"column":1}}},"s":{"0":1,"13":1,"15":1,"16":1,"17":2,"18":2,"19":2,"21":2,"22":1,"23":1,"24":1,"26":1,"27":1,"28":1,"29":1,"30":1},"branchMap":{"0":{"type":"branch","line":17,"loc":{"start":{"line":17,"column":7},"end":{"line":31,"column":1}},"locations":[{"start":{"line":17,"column":7},"end":{"line":31,"column":1}}]},"1":{"type":"branch","line":22,"loc":{"start":{"line":22,"column":15},"end":{"line":31,"column":1}},"locations":[{"start":{"line":22,"column":15},"end":{"line":31,"column":1}}]},"2":{"type":"branch","line":24,"loc":{"start":{"line":24,"column":37},"end":{"line":24,"column":75}},"locations":[{"start":{"line":24,"column":37},"end":{"line":24,"column":75}}]}},"b":{"0":[2],"1":[1],"2":[0]},"fnMap":{"0":{"name":"generateRoboKassaUrl","decl":{"start":{"line":17,"column":7},"end":{"line":31,"column":1}},"loc":{"start":{"line":17,"column":7},"end":{"line":31,"column":1}},"line":17}},"f":{"0":2}}
}
